#
# A fatal error has been detected by the Java Runtime Environment:
#
#  EXCEPTION_ACCESS_VIOLATION (0xc0000005) at pc=0x000000005bd0f621, pid=10280, tid=0x00000000000039a0
#
# JRE version: OpenJDK Runtime Environment (8.0_252-b09) (build 1.8.0_252-b09)
# Java VM: OpenJDK 64-Bit Server VM (25.252-b09 mixed mode windows-amd64 compressed oops)
# Problematic frame:
# V  [jvm.dll+0xdf621]
#
# Failed to write core dump. Minidumps are not enabled by default on client versions of Windows
#
# If you would like to submit a bug report, please visit:
#   http://bugreport.java.com/bugreport/crash.jsp
#

---------------  T H R E A D  ---------------

Current thread (0x00000294d4ebf000):  GCTaskThread [stack: 0x000000baa8d00000,0x000000baa8e00000] [id=14752]

siginfo: ExceptionCode=0xc0000005, reading address 0xffffffffffffffff

Registers:
RAX=0x00000294e6a40000, RBX=0x207369206176614a, RCX=0x0000000000000000, RDX=0x000000baaa8fafe8
RSP=0x000000baa8dff260, RBP=0x0000000000000008, RSI=0x0000000000000005, RDI=0x00000294d4ecd7b0
R8 =0x0000000000000029, R9 =0x001039b48ccdfb30, R10=0x00000294eef7b920, R11=0x000000baa8dff3d8
R12=0x0000000000000018, R13=0x000000baa8dff3c0, R14=0x000000baa8dff338, R15=0x0000000000000002
RIP=0x000000005bd0f621, EFLAGS=0x0000000000010202

Top of Stack: (sp=0x000000baa8dff260)
0x000000baa8dff260:   00000294eef7b920 00000294d4ebf000
0x000000baa8dff270:   000000baa8dff3c0 000000005bd382ff
0x000000baa8dff280:   0000000000000001 000000005bcd01da
0x000000baa8dff290:   0000000000000004 00000294d4ebfa40
0x000000baa8dff2a0:   00000294eef7b920 00000294d4ebf000
0x000000baa8dff2b0:   000000baa8dffb78 000000baa8dffb40
0x000000baa8dff2c0:   00000294d4ebf000 000000005be03651
0x000000baa8dff2d0:   000000baa8dff3d0 000000005c395af0
0x000000baa8dff2e0:   000000baa8dff4e0 00000294eef7b920
0x000000baa8dff2f0:   00000294d6c7c978 00000294d6c7c810
0x000000baa8dff300:   0000029400000002 00000294eef7b920
0x000000baa8dff310:   00000294d4ebf000 0000000000000018
0x000000baa8dff320:   000000baa8dff510 000000005bcba98b
0x000000baa8dff330:   00000294ef764690 000000005c1c5028
0x000000baa8dff340:   000000baa8dff4e0 000000baa8dffb40
0x000000baa8dff350:   0000000300000002 00000294eef7b900 

Instructions: (pc=0x000000005bd0f621)
0x000000005bd0f601:   0b 5a 6a 00 49 c1 e9 03 49 d3 e9 41 0f b6 c1 49
0x000000005bd0f611:   c1 e9 06 24 3f 44 0f b6 c0 48 8b 05 1f 5a 6a 00
0x000000005bd0f621:   4a 8b 0c c8 4c 0f a3 c1 72 17 48 8b cb e8 5d 5c
0x000000005bd0f631:   00 00 84 c0 74 0b 48 8b d3 48 8b cf e8 8e f0 00 


Register to memory mapping:

RAX=0x00000294e6a40000 is an unknown value
RBX=0x207369206176614a is an unknown value
RCX=0x0000000000000000 is an unknown value
RDX=0x000000baaa8fafe8 is pointing into the stack for thread: 0x00000294f421e000
RSP=0x000000baa8dff260 is an unknown value
RBP=0x0000000000000008 is an unknown value
RSI=0x0000000000000005 is an unknown value
RDI=0x00000294d4ecd7b0 is an unknown value
R8 =0x0000000000000029 is an unknown value
R9 =0x001039b48ccdfb30 is an unknown value
R10={method} {0x00000294eef7b928} '<init>' '(Ljava/lang/String;)V' in 'java/lang/Throwable'
R11=0x000000baa8dff3d8 is an unknown value
R12=0x0000000000000018 is an unknown value
R13=0x000000baa8dff3c0 is an unknown value
R14=0x000000baa8dff338 is an unknown value
R15=0x0000000000000002 is an unknown value


Stack: [0x000000baa8d00000,0x000000baa8e00000],  sp=0x000000baa8dff260,  free space=1020k
Native frames: (J=compiled Java code, j=interpreted, Vv=VM code, C=native code)
V  [jvm.dll+0xdf621]
V  [jvm.dll+0xa01da]
V  [jvm.dll+0x1d3651]
V  [jvm.dll+0x1d3045]
V  [jvm.dll+0x2054df]
V  [jvm.dll+0x37ce69]
V  [jvm.dll+0x37a5fe]
V  [jvm.dll+0x25014a]
C  [msvcr120.dll+0x24f7f]
C  [msvcr120.dll+0x25126]
C  [KERNEL32.DLL+0x17bd4]
C  [ntdll.dll+0x6ce51]

JavaThread 0x00000294f421e000 (nid = 6656) was being processed
Java frames: (J=compiled Java code, j=interpreted, Vv=VM code)
J 1410  java.lang.Throwable.fillInStackTrace(I)Ljava/lang/Throwable; (0 bytes) @ 0x00000294d6bc8c7b [0x00000294d6bc8c40+0x3b]
J 1431 C1 java.lang.Throwable.fillInStackTrace()Ljava/lang/Throwable; (29 bytes) @ 0x00000294d6c7cb5c [0x00000294d6c7c980+0x1dc]
j  java.lang.Throwable.<init>(Ljava/lang/String;)V+24
j  java.lang.Exception.<init>(Ljava/lang/String;)V+2
j  java.lang.RuntimeException.<init>(Ljava/lang/String;)V+2
v  ~StubRoutines::call_stub
J 632  com.mathworks.mvm.exec.NativeFutureResult.nativeGet(J)Ljava/lang/Object; (0 bytes) @ 0x00000294d6beef3b [0x00000294d6beef00+0x3b]
J 1186 C2 seakers.trussaos.operators.RemoveIntersection.determineIntersection([[D[[D)Z (137 bytes) @ 0x00000294d6d8fa90 [0x00000294d6d8f5a0+0x4f0]
J 1241 C2 seakers.trussaos.operators.RemoveIntersection.findIntersectingTrusses([[I)[[I (292 bytes) @ 0x00000294d6bae0ec [0x00000294d6badc00+0x4ec]
J 1306 C1 seakers.trussaos.operators.RemoveIntersection.evolve([Lorg/moeaframework/core/Solution;)[Lorg/moeaframework/core/Solution; (201 bytes) @ 0x00000294d6cb2394 [0x00000294d6cb21c0+0x1d4]
J 1288 C2 seakers.aos.aos.AOSMOEA.iterate()V (69 bytes) @ 0x00000294d6dadbb0 [0x00000294d6dad2a0+0x910]
J 1329 C2 org.moeaframework.algorithm.AbstractAlgorithm.step()V (37 bytes) @ 0x00000294d6dc7974 [0x00000294d6dc78c0+0xb4]
j  seakers.trussaos.EvolutionarySearch.call()Lorg/moeaframework/core/Algorithm;+328
j  seakers.trussaos.EvolutionarySearch.call()Ljava/lang/Object;+1
j  java.util.concurrent.FutureTask.run()V+42
j  java.util.concurrent.Executors$RunnableAdapter.call()Ljava/lang/Object;+4
j  java.util.concurrent.FutureTask.run()V+42
j  java.util.concurrent.ThreadPoolExecutor.runWorker(Ljava/util/concurrent/ThreadPoolExecutor$Worker;)V+95
j  java.util.concurrent.ThreadPoolExecutor$Worker.run()V+5
j  java.lang.Thread.run()V+11
v  ~StubRoutines::call_stub

---------------  P R O C E S S  ---------------

Java Threads: ( => current thread )
  0x00000294f43ce000 JavaThread "AWT-Windows" daemon [_thread_in_native, id=12248, stack(0x000000baaab00000,0x000000baaac00000)]
  0x00000294f445c000 JavaThread "Java2D Disposer" daemon [_thread_blocked, id=2156, stack(0x000000baaa900000,0x000000baaaa00000)]
  0x00000294f421e000 JavaThread "pool-1-thread-4" [_thread_blocked, id=6656, stack(0x000000baaa800000,0x000000baaa900000)]
  0x00000294f41cc800 JavaThread "pool-1-thread-3" [_thread_in_native, id=9344, stack(0x000000baaa700000,0x000000baaa800000)]
  0x00000294f417b800 JavaThread "pool-1-thread-2" [_thread_in_native, id=9256, stack(0x000000baaa600000,0x000000baaa700000)]
  0x00000294f2176000 JavaThread "pool-1-thread-1" [_thread_in_native, id=14632, stack(0x000000baaa500000,0x000000baaa600000)]
  0x00000294f40c3000 JavaThread "EventMgr Dispatcher" daemon [_thread_in_native, id=3272, stack(0x000000baaa200000,0x000000baaa300000)]
  0x00000294f207a800 JavaThread "Service Thread" daemon [_thread_blocked, id=3696, stack(0x000000baa9f00000,0x000000baaa000000)]
  0x00000294f1fe6800 JavaThread "C1 CompilerThread3" daemon [_thread_blocked, id=6952, stack(0x000000baa9e00000,0x000000baa9f00000)]
  0x00000294f1fe3800 JavaThread "C2 CompilerThread2" daemon [_thread_blocked, id=15320, stack(0x000000baa9d00000,0x000000baa9e00000)]
  0x00000294f1fe3000 JavaThread "C2 CompilerThread1" daemon [_thread_blocked, id=9820, stack(0x000000baa9c00000,0x000000baa9d00000)]
  0x00000294f1fe0000 JavaThread "C2 CompilerThread0" daemon [_thread_blocked, id=9208, stack(0x000000baa9b00000,0x000000baa9c00000)]
  0x00000294f1fb5000 JavaThread "Monitor Ctrl-Break" daemon [_thread_in_native, id=5380, stack(0x000000baa9a00000,0x000000baa9b00000)]
  0x00000294efa3c000 JavaThread "Attach Listener" daemon [_thread_blocked, id=12588, stack(0x000000baa9900000,0x000000baa9a00000)]
  0x00000294efa3b800 JavaThread "Signal Dispatcher" daemon [_thread_blocked, id=14872, stack(0x000000baa9800000,0x000000baa9900000)]
  0x00000294efa14000 JavaThread "Finalizer" daemon [_thread_blocked, id=13016, stack(0x000000baa9700000,0x000000baa9800000)]
  0x00000294efa0a000 JavaThread "Reference Handler" daemon [_thread_blocked, id=14940, stack(0x000000baa9600000,0x000000baa9700000)]
  0x00000294d4ea7000 JavaThread "main" [_thread_blocked, id=14448, stack(0x000000baa8a00000,0x000000baa8b00000)]

Other Threads:
  0x00000294ef9e0000 VMThread [stack: 0x000000baa9500000,0x000000baa9600000] [id=15340]
  0x00000294f207e800 WatcherThread [stack: 0x000000baaa000000,0x000000baaa100000] [id=3368]

=>0x00000294d4ebf000 (exited) GCTaskThread [stack: 0x000000baa8d00000,0x000000baa8e00000] [id=14752]

VM state:at safepoint (normal execution)

VM Mutex/Monitor currently owned by a thread:  ([mutex/lock_event])
[0x00000294d4ea44f0] Threads_lock - owner thread: 0x00000294ef9e0000
[0x00000294d4ea6180] Heap_lock - owner thread: 0x00000294f421e000

OutOfMemory and StackOverflow Exception counts:
OutOfMemoryError java_heap_errors=4

heap address: 0x00000006c5800000, size: 4008 MB, Compressed Oops mode: Zero based, Oop shift amount: 3
Narrow klass base: 0x0000000000000000, Narrow klass shift: 3
Compressed class space size: 1073741824 Address: 0x00000007c0000000

Heap:
 PSYoungGen      total 1340928K, used 1313792K [0x000000076c800000, 0x00000007c0000000, 0x00000007c0000000)
  eden space 1313792K, 100% used [0x000000076c800000,0x00000007bcb00000,0x00000007bcb00000)
  from space 27136K, 0% used [0x00000007bcb00000,0x00000007bcb00000,0x00000007be580000)
  to   space 27136K, 0% used [0x00000007be580000,0x00000007be580000,0x00000007c0000000)
 ParOldGen       total 2736128K, used 2736000K [0x00000006c5800000, 0x000000076c800000, 0x000000076c800000)
  object space 2736128K, 99% used [0x00000006c5800000,0x000000076c7e0398,0x000000076c800000)
 Metaspace       used 8215K, capacity 8370K, committed 8704K, reserved 1056768K
  class space    used 854K, capacity 935K, committed 1024K, reserved 1048576K

Card table byte_map: [0x00000294e5d20000,0x00000294e6500000] byte_map_base: 0x00000294e26f4000

Marking Bits: (ParMarkBitMap*) 0x000000005c3b5010
 Begin Bits: [0x00000294e6a40000, 0x00000294ea8e0000)
 End Bits:   [0x00000294ea8e0000, 0x00000294ee780000)

Polling page: 0x00000294d50c0000

CodeCache: size=245760Kb used=4293Kb max_used=4340Kb free=241466Kb
 bounds [0x00000294d6960000, 0x00000294d6df0000, 0x00000294e5960000]
 total_blobs=1482 nmethods=1105 adapters=291
 compilation: enabled

Compilation events (10 events):
Event: 15221.170 Thread 0x00000294f1fe6800 1439       3       java.lang.Class::reflectionData (49 bytes)
Event: 15223.200 Thread 0x00000294f1fe6800 nmethod 1439 0x00000294d6c39d10 code [0x00000294d6c39ea0, 0x00000294d6c3a3d0]
Event: 15225.235 Thread 0x00000294f1fe6800 1440       3       sun.reflect.ClassFileAssembler::incStack (11 bytes)
Event: 15225.235 Thread 0x00000294f1fe6800 nmethod 1440 0x00000294d6cb1a90 code [0x00000294d6cb1c00, 0x00000294d6cb1e18]
Event: 15630.561 Thread 0x00000294f1fe6800 1441       3       java.lang.Long::valueOf (36 bytes)
Event: 15632.632 Thread 0x00000294f1fe6800 nmethod 1441 0x00000294d6cea310 code [0x00000294d6cea480, 0x00000294d6cea7f8]
Event: 15636.675 Thread 0x00000294f1fe3800 1442       4       java.lang.StringBuilder::<init> (7 bytes)
Event: 15638.696 Thread 0x00000294f1fe3800 nmethod 1442 0x00000294d6bdcd10 code [0x00000294d6bdce60, 0x00000294d6bdcf58]
Event: 15738.285 Thread 0x00000294f1fe6800 1443   !   3       sun.reflect.GeneratedSerializationConstructorAccessor26::newInstance (49 bytes)
Event: 15740.347 Thread 0x00000294f1fe6800 nmethod 1443 0x00000294d6cfe150 code [0x00000294d6cfe300, 0x00000294d6cfe730]

GC Heap History (10 events):
Event: 16548.260 GC heap after
Heap after GC invocations=12967 (full 8471):
 PSYoungGen      total 1340928K, used 1288065K [0x000000076c800000, 0x00000007c0000000, 0x00000007c0000000)
  eden space 1313792K, 98% used [0x000000076c800000,0x00000007bb1e0738,0x00000007bcb00000)
  from space 27136K, 0% used [0x00000007bcb00000,0x00000007bcb00000,0x00000007be580000)
  to   space 27136K, 0% used [0x00000007be580000,0x00000007be580000,0x00000007c0000000)
 ParOldGen       total 2736128K, used 2736000K [0x00000006c5800000, 0x000000076c800000, 0x000000076c800000)
  object space 2736128K, 99% used [0x00000006c5800000,0x000000076c7e0398,0x000000076c800000)
 Metaspace       used 8215K, capacity 8370K, committed 8704K, reserved 1056768K
  class space    used 854K, capacity 935K, committed 1024K, reserved 1048576K
}
Event: 16548.260 GC heap before
{Heap before GC invocations=12968 (full 8472):
 PSYoungGen      total 1340928K, used 1313792K [0x000000076c800000, 0x00000007c0000000, 0x00000007c0000000)
  eden space 1313792K, 100% used [0x000000076c800000,0x00000007bcb00000,0x00000007bcb00000)
  from space 27136K, 0% used [0x00000007bcb00000,0x00000007bcb00000,0x00000007be580000)
  to   space 27136K, 0% used [0x00000007be580000,0x00000007be580000,0x00000007c0000000)
 ParOldGen       total 2736128K, used 2736000K [0x00000006c5800000, 0x000000076c800000, 0x000000076c800000)
  object space 2736128K, 99% used [0x00000006c5800000,0x000000076c7e0398,0x000000076c800000)
 Metaspace       used 8215K, capacity 8370K, committed 8704K, reserved 1056768K
  class space    used 854K, capacity 935K, committed 1024K, reserved 1048576K
Event: 16550.294 GC heap after
Heap after GC invocations=12968 (full 8472):
 PSYoungGen      total 1340928K, used 1288065K [0x000000076c800000, 0x00000007c0000000, 0x00000007c0000000)
  eden space 1313792K, 98% used [0x000000076c800000,0x00000007bb1e0738,0x00000007bcb00000)
  from space 27136K, 0% used [0x00000007bcb00000,0x00000007bcb00000,0x00000007be580000)
  to   space 27136K, 0% used [0x00000007be580000,0x00000007be580000,0x00000007c0000000)
 ParOldGen       total 2736128K, used 2736000K [0x00000006c5800000, 0x000000076c800000, 0x000000076c800000)
  object space 2736128K, 99% used [0x00000006c5800000,0x000000076c7e0398,0x000000076c800000)
 Metaspace       used 8215K, capacity 8370K, committed 8704K, reserved 1056768K
  class space    used 854K, capacity 935K, committed 1024K, reserved 1048576K
}
Event: 16550.295 GC heap before
{Heap before GC invocations=12969 (full 8473):
 PSYoungGen      total 1340928K, used 1313792K [0x000000076c800000, 0x00000007c0000000, 0x00000007c0000000)
  eden space 1313792K, 100% used [0x000000076c800000,0x00000007bcb00000,0x00000007bcb00000)
  from space 27136K, 0% used [0x00000007bcb00000,0x00000007bcb00000,0x00000007be580000)
  to   space 27136K, 0% used [0x00000007be580000,0x00000007be580000,0x00000007c0000000)
 ParOldGen       total 2736128K, used 2736000K [0x00000006c5800000, 0x000000076c800000, 0x000000076c800000)
  object space 2736128K, 99% used [0x00000006c5800000,0x000000076c7e0398,0x000000076c800000)
 Metaspace       used 8215K, capacity 8370K, committed 8704K, reserved 1056768K
  class space    used 854K, capacity 935K, committed 1024K, reserved 1048576K
Event: 16552.336 GC heap after
Heap after GC invocations=12969 (full 8473):
 PSYoungGen      total 1340928K, used 1288065K [0x000000076c800000, 0x00000007c0000000, 0x00000007c0000000)
  eden space 1313792K, 98% used [0x000000076c800000,0x00000007bb1e0738,0x00000007bcb00000)
  from space 27136K, 0% used [0x00000007bcb00000,0x00000007bcb00000,0x00000007be580000)
  to   space 27136K, 0% used [0x00000007be580000,0x00000007be580000,0x00000007c0000000)
 ParOldGen       total 2736128K, used 2736000K [0x00000006c5800000, 0x000000076c800000, 0x000000076c800000)
  object space 2736128K, 99% used [0x00000006c5800000,0x000000076c7e0398,0x000000076c800000)
 Metaspace       used 8215K, capacity 8370K, committed 8704K, reserved 1056768K
  class space    used 854K, capacity 935K, committed 1024K, reserved 1048576K
}
Event: 16552.336 GC heap before
{Heap before GC invocations=12970 (full 8474):
 PSYoungGen      total 1340928K, used 1313792K [0x000000076c800000, 0x00000007c0000000, 0x00000007c0000000)
  eden space 1313792K, 100% used [0x000000076c800000,0x00000007bcb00000,0x00000007bcb00000)
  from space 27136K, 0% used [0x00000007bcb00000,0x00000007bcb00000,0x00000007be580000)
  to   space 27136K, 0% used [0x00000007be580000,0x00000007be580000,0x00000007c0000000)
 ParOldGen       total 2736128K, used 2736000K [0x00000006c5800000, 0x000000076c800000, 0x000000076c800000)
  object space 2736128K, 99% used [0x00000006c5800000,0x000000076c7e0398,0x000000076c800000)
 Metaspace       used 8215K, capacity 8370K, committed 8704K, reserved 1056768K
  class space    used 854K, capacity 935K, committed 1024K, reserved 1048576K
Event: 16554.417 GC heap after
Heap after GC invocations=12970 (full 8474):
 PSYoungGen      total 1340928K, used 1288041K [0x000000076c800000, 0x00000007c0000000, 0x00000007c0000000)
  eden space 1313792K, 98% used [0x000000076c800000,0x00000007bb1da600,0x00000007bcb00000)
  from space 27136K, 0% used [0x00000007bcb00000,0x00000007bcb00000,0x00000007be580000)
  to   space 27136K, 0% used [0x00000007be580000,0x00000007be580000,0x00000007c0000000)
 ParOldGen       total 2736128K, used 2736000K [0x00000006c5800000, 0x000000076c800000, 0x000000076c800000)
  object space 2736128K, 99% used [0x00000006c5800000,0x000000076c7e0398,0x000000076c800000)
 Metaspace       used 8215K, capacity 8370K, committed 8704K, reserved 1056768K
  class space    used 854K, capacity 935K, committed 1024K, reserved 1048576K
}
Event: 16554.417 GC heap before
{Heap before GC invocations=12971 (full 8475):
 PSYoungGen      total 1340928K, used 1313792K [0x000000076c800000, 0x00000007c0000000, 0x00000007c0000000)
  eden space 1313792K, 100% used [0x000000076c800000,0x00000007bcb00000,0x00000007bcb00000)
  from space 27136K, 0% used [0x00000007bcb00000,0x00000007bcb00000,0x00000007be580000)
  to   space 27136K, 0% used [0x00000007be580000,0x00000007be580000,0x00000007c0000000)
 ParOldGen       total 2736128K, used 2736000K [0x00000006c5800000, 0x000000076c800000, 0x000000076c800000)
  object space 2736128K, 99% used [0x00000006c5800000,0x000000076c7e0398,0x000000076c800000)
 Metaspace       used 8215K, capacity 8370K, committed 8704K, reserved 1056768K
  class space    used 854K, capacity 935K, committed 1024K, reserved 1048576K
Event: 16556.489 GC heap after
Heap after GC invocations=12971 (full 8475):
 PSYoungGen      total 1340928K, used 1288041K [0x000000076c800000, 0x00000007c0000000, 0x00000007c0000000)
  eden space 1313792K, 98% used [0x000000076c800000,0x00000007bb1da600,0x00000007bcb00000)
  from space 27136K, 0% used [0x00000007bcb00000,0x00000007bcb00000,0x00000007be580000)
  to   space 27136K, 0% used [0x00000007be580000,0x00000007be580000,0x00000007c0000000)
 ParOldGen       total 2736128K, used 2736000K [0x00000006c5800000, 0x000000076c800000, 0x000000076c800000)
  object space 2736128K, 99% used [0x00000006c5800000,0x000000076c7e0398,0x000000076c800000)
 Metaspace       used 8215K, capacity 8370K, committed 8704K, reserved 1056768K
  class space    used 854K, capacity 935K, committed 1024K, reserved 1048576K
}
Event: 16556.489 GC heap before
{Heap before GC invocations=12972 (full 8476):
 PSYoungGen      total 1340928K, used 1313792K [0x000000076c800000, 0x00000007c0000000, 0x00000007c0000000)
  eden space 1313792K, 100% used [0x000000076c800000,0x00000007bcb00000,0x00000007bcb00000)
  from space 27136K, 0% used [0x00000007bcb00000,0x00000007bcb00000,0x00000007be580000)
  to   space 27136K, 0% used [0x00000007be580000,0x00000007be580000,0x00000007c0000000)
 ParOldGen       total 2736128K, used 2736000K [0x00000006c5800000, 0x000000076c800000, 0x000000076c800000)
  object space 2736128K, 99% used [0x00000006c5800000,0x000000076c7e0398,0x000000076c800000)
 Metaspace       used 8215K, capacity 8370K, committed 8704K, reserved 1056768K
  class space    used 854K, capacity 935K, committed 1024K, reserved 1048576K

Deoptimization events (10 events):
Event: 283.136 Thread 0x00000294f2176000 Uncommon trap: reason=unstable_if action=reinterpret pc=0x00000294d6c75648 method=com.mathworks.mvm.exec.FutureResult.waitInternal(JLjava/util/concurrent/TimeUnit;Z)Z @ 146
Event: 283.136 Thread 0x00000294f417b800 Uncommon trap: reason=unstable_if action=reinterpret pc=0x00000294d6c75648 method=com.mathworks.mvm.exec.FutureResult.waitInternal(JLjava/util/concurrent/TimeUnit;Z)Z @ 146
Event: 283.136 Thread 0x00000294f41cc800 Uncommon trap: reason=unstable_if action=reinterpret pc=0x00000294d6c75648 method=com.mathworks.mvm.exec.FutureResult.waitInternal(JLjava/util/concurrent/TimeUnit;Z)Z @ 146
Event: 1070.473 Thread 0x00000294efa0a000 Uncommon trap: reason=unstable_if action=reinterpret pc=0x00000294d6b0eb94 method=java.lang.ref.Reference.tryHandlePending(Z)Z @ 104
Event: 10288.610 Thread 0x00000294f417b800 Uncommon trap: reason=unstable_if action=reinterpret pc=0x00000294d6d16844 method=java.lang.ref.SoftReference.get()Ljava/lang/Object; @ 6
Event: 10293.699 Thread 0x00000294f417b800 Uncommon trap: reason=unstable_if action=reinterpret pc=0x00000294d6cbbc34 method=java.lang.ref.SoftReference.get()Ljava/lang/Object; @ 6
Event: 10293.700 Thread 0x00000294f417b800 Uncommon trap: reason=unstable_if action=reinterpret pc=0x00000294d6d4b2d0 method=java.lang.ref.SoftReference.get()Ljava/lang/Object; @ 6
Event: 10293.700 Thread 0x00000294f417b800 Uncommon trap: reason=unstable_if action=reinterpret pc=0x00000294d6cc2554 method=java.lang.Long.valueOf(J)Ljava/lang/Long; @ 13
Event: 10545.937 Thread 0x00000294f2176000 Uncommon trap: reason=unstable_if action=reinterpret pc=0x00000294d6d276a8 method=java.io.ObjectOutputStream$HandleTable.lookup(Ljava/lang/Object;)I @ 29
Event: 10547.963 Thread 0x00000294f2176000 Uncommon trap: reason=unstable_if action=reinterpret pc=0x00000294d6cf5808 method=java.io.ObjectOutputStream$HandleTable.lookup(Ljava/lang/Object;)I @ 29

Classes redefined (0 events):
No events

Internal exceptions (10 events):
Event: 17.348 Thread 0x00000294f421e000 Exception <a 'java/io/FileNotFoundException'> (0x000000076d7d8ff0) thrown at [J:\jenkins\tmp\workspace\build\src\hotspot\src\share\vm\prims\jni.cpp, line 710]
Event: 17.375 Thread 0x00000294f421e000 Exception <a 'java/lang/NoSuchFieldError': method resolution failed> (0x000000076d906c10) thrown at [J:\jenkins\tmp\workspace\build\src\hotspot\src\share\vm\prims\methodHandles.cpp, line 1167]
Event: 17.376 Thread 0x00000294f421e000 Exception <a 'java/lang/NoSuchFieldError': method resolution failed> (0x000000076d914e28) thrown at [J:\jenkins\tmp\workspace\build\src\hotspot\src\share\vm\prims\methodHandles.cpp, line 1167]
Event: 17.404 Thread 0x00000294f421e000 Exception <a 'java/lang/ClassNotFoundException': sun/dc/DuctusRenderingEngine> (0x000000076da0d1d0) thrown at [J:\jenkins\tmp\workspace\build\src\hotspot\src\share\vm\classfile\systemDictionary.cpp, line 210]
Event: 23.171 Thread 0x00000294f417b800 Implicit null exception at 0x00000294d6b43a22 to 0x00000294d6b43c09
Event: 10293.700 Thread 0x00000294f417b800 Implicit null exception at 0x00000294d6d4a932 to 0x00000294d6d4b2b1
Event: 16517.096 Thread 0x00000294f4faa000 Exception <a 'java/lang/OutOfMemoryError'> (0x00000006c580f640) thrown at [J:\jenkins\tmp\workspace\build\src\hotspot\src\share\vm\gc_interface/collectedHeap.inline.hpp, line 170]
Event: 16530.664 Thread 0x00000294f4faa000 Exception <a 'java/lang/OutOfMemoryError'> (0x00000006c5845368) thrown at [J:\jenkins\tmp\workspace\build\src\hotspot\src\share\vm\gc_interface/collectedHeap.inline.hpp, line 170]
Event: 16544.185 Thread 0x00000294f4fac000 Exception <a 'java/lang/OutOfMemoryError'> (0x00000006c5804798) thrown at [J:\jenkins\tmp\workspace\build\src\hotspot\src\share\vm\gc_interface/collectedHeap.inline.hpp, line 170]
Event: 16554.417 Thread 0x00000294f4fa9000 Exception <a 'java/lang/OutOfMemoryError'> (0x00000006c5804798) thrown at [J:\jenkins\tmp\workspace\build\src\hotspot\src\share\vm\gc_interface/collectedHeap.inline.hpp, line 170]

Events (10 events):
Event: 16552.336 Executing VM operation: ParallelGCFailedAllocation
Event: 16554.417 Executing VM operation: ParallelGCFailedAllocation done
Event: 16554.417 Thread 0x00000294f4fa9000 Thread exited: 0x00000294f4fa9000
Event: 16554.417 Thread 0x00000294f4fa8800 Thread added: 0x00000294f4fa8800
Event: 16554.417 Thread 0x00000294f4fa8800 Thread exited: 0x00000294f4fa8800
Event: 16554.417 Executing VM operation: ParallelGCFailedAllocation
Event: 16556.489 Executing VM operation: ParallelGCFailedAllocation done
Event: 16556.489 Thread 0x00000294f4fab800 Thread added: 0x00000294f4fab800
Event: 16556.489 Thread 0x00000294f4fab800 Thread exited: 0x00000294f4fab800
Event: 16556.489 Executing VM operation: ParallelGCFailedAllocation


Dynamic libraries:
0x00007ff7fb720000 - 0x00007ff7fb75a000 	C:\Program Files\AdoptOpenJDK\jdk-8.0.252.09-hotspot\bin\java.exe
0x00007ffcf6ae0000 - 0x00007ffcf6cd0000 	C:\windows\SYSTEM32\ntdll.dll
0x00007ffcf4d30000 - 0x00007ffcf4de2000 	C:\windows\System32\KERNEL32.DLL
0x00007ffcf3d70000 - 0x00007ffcf4014000 	C:\windows\System32\KERNELBASE.dll
0x00007ffcf5e40000 - 0x00007ffcf5ee3000 	C:\windows\System32\ADVAPI32.dll
0x00007ffcf5bd0000 - 0x00007ffcf5c6e000 	C:\windows\System32\msvcrt.dll
0x00007ffcf68b0000 - 0x00007ffcf6947000 	C:\windows\System32\sechost.dll
0x00007ffcf5ef0000 - 0x00007ffcf6010000 	C:\windows\System32\RPCRT4.dll
0x00007ffcf4b90000 - 0x00007ffcf4d24000 	C:\windows\System32\USER32.dll
0x00007ffcf4040000 - 0x00007ffcf4061000 	C:\windows\System32\win32u.dll
0x00007ffcf5450000 - 0x00007ffcf5476000 	C:\windows\System32\GDI32.dll
0x00007ffcf4120000 - 0x00007ffcf42b5000 	C:\windows\System32\gdi32full.dll
0x00007ffcf3a70000 - 0x00007ffcf3b0e000 	C:\windows\System32\msvcp_win.dll
0x00007ffcf3c10000 - 0x00007ffcf3d0a000 	C:\windows\System32\ucrtbase.dll
0x00007ffcdd500000 - 0x00007ffcdd784000 	C:\windows\WinSxS\amd64_microsoft.windows.common-controls_6595b64144ccf1df_6.0.18362.900_none_e6beb9d913147d17\COMCTL32.dll
0x00007ffcf4df0000 - 0x00007ffcf5125000 	C:\windows\System32\combase.dll
0x00007ffcf3b40000 - 0x00007ffcf3bc0000 	C:\windows\System32\bcryptPrimitives.dll
0x00007ffcf5400000 - 0x00007ffcf542e000 	C:\windows\System32\IMM32.DLL
0x00007ffccb960000 - 0x00007ffccba4f000 	C:\Program Files\AdoptOpenJDK\jdk-8.0.252.09-hotspot\jre\bin\msvcr120.dll
0x00007ffccb8b0000 - 0x00007ffccb956000 	C:\Program Files\AdoptOpenJDK\jdk-8.0.252.09-hotspot\jre\bin\msvcp120.dll
0x000000005bc30000 - 0x000000005c42e000 	C:\Program Files\AdoptOpenJDK\jdk-8.0.252.09-hotspot\jre\bin\server\jvm.dll
0x00007ffcf60c0000 - 0x00007ffcf60c8000 	C:\windows\System32\PSAPI.DLL
0x00007ffcec000000 - 0x00007ffcec024000 	C:\windows\SYSTEM32\WINMM.dll
0x00007ffceef90000 - 0x00007ffceef9a000 	C:\windows\SYSTEM32\VERSION.dll
0x00007ffce20c0000 - 0x00007ffce20c9000 	C:\windows\SYSTEM32\WSOCK32.dll
0x00007ffcf5ce0000 - 0x00007ffcf5d4f000 	C:\windows\System32\WS2_32.dll
0x00007ffcebb60000 - 0x00007ffcebb8d000 	C:\windows\SYSTEM32\WINMMBASE.dll
0x00007ffcf3bc0000 - 0x00007ffcf3c0a000 	C:\windows\System32\cfgmgr32.dll
0x00007ffceb960000 - 0x00007ffceb96f000 	C:\Program Files\AdoptOpenJDK\jdk-8.0.252.09-hotspot\jre\bin\verify.dll
0x00007ffcd3fb0000 - 0x00007ffcd3fd8000 	C:\Program Files\AdoptOpenJDK\jdk-8.0.252.09-hotspot\jre\bin\java.dll
0x00007ffccfff0000 - 0x00007ffcd001a000 	C:\Program Files\AdoptOpenJDK\jdk-8.0.252.09-hotspot\jre\bin\instrument.dll
0x00007ffcd3f90000 - 0x00007ffcd3fa6000 	C:\Program Files\AdoptOpenJDK\jdk-8.0.252.09-hotspot\jre\bin\zip.dll
0x00007ffcf54e0000 - 0x00007ffcf5bc6000 	C:\windows\System32\SHELL32.dll
0x00007ffcf5350000 - 0x00007ffcf53f9000 	C:\windows\System32\shcore.dll
0x00007ffcf42c0000 - 0x00007ffcf4a40000 	C:\windows\System32\windows.storage.dll
0x00007ffcf39d0000 - 0x00007ffcf39f3000 	C:\windows\System32\profapi.dll
0x00007ffcf3a00000 - 0x00007ffcf3a4a000 	C:\windows\System32\powrprof.dll
0x00007ffcf39a0000 - 0x00007ffcf39b0000 	C:\windows\System32\UMPDC.dll
0x00007ffcf5c80000 - 0x00007ffcf5cd2000 	C:\windows\System32\shlwapi.dll
0x00007ffcf39b0000 - 0x00007ffcf39c1000 	C:\windows\System32\kernel.appcore.dll
0x00007ffcf4020000 - 0x00007ffcf4037000 	C:\windows\System32\cryptsp.dll
0x00007ffcd1290000 - 0x00007ffcd12aa000 	C:\Program Files\JetBrains\IntelliJ IDEA Community Edition 2019.2.3\bin\breakgen64.dll
0x00007ffcd3f10000 - 0x00007ffcd3f2a000 	C:\Program Files\AdoptOpenJDK\jdk-8.0.252.09-hotspot\jre\bin\net.dll
0x00007ffcf3210000 - 0x00007ffcf3277000 	C:\windows\system32\mswsock.dll
0x00007ffcca240000 - 0x00007ffcca38a000 	C:\Program Files\MATLAB\R2020a\bin\win64\nativemvm.dll
0x00007ffccf290000 - 0x00007ffccf2d0000 	C:\Program Files\MATLAB\R2020a\bin\win64\libmwmsr.dll
0x00007ffcc9220000 - 0x00007ffcc92f7000 	C:\Program Files\MATLAB\R2020a\bin\win64\libut.dll
0x00007ffcf6750000 - 0x00007ffcf68a7000 	C:\windows\System32\ole32.dll
0x00007ffcf60d0000 - 0x00007ffcf6195000 	C:\windows\System32\OLEAUT32.dll
0x00007ffcc8f80000 - 0x00007ffcc9216000 	C:\Program Files\MATLAB\R2020a\bin\win64\libmwfl.dll
0x00007ffcbb520000 - 0x00007ffcbb6b0000 	C:\Program Files\MATLAB\R2020a\bin\win64\libmx.dll
0x00007ffcbb1c0000 - 0x00007ffcbb51d000 	C:\Program Files\MATLAB\R2020a\bin\win64\libmwms.dll
0x00007ffcf3b10000 - 0x00007ffcf3b36000 	C:\windows\System32\bcrypt.dll
0x00007ffca2270000 - 0x00007ffca2718000 	C:\Program Files\MATLAB\R2020a\bin\win64\libmwservices.dll
0x00007ffcb4d80000 - 0x00007ffcb4f87000 	C:\Program Files\MATLAB\R2020a\bin\win64\jmi.dll
0x00007ffccf1c0000 - 0x00007ffccf1fc000 	C:\Program Files\MATLAB\R2020a\bin\win64\libmwfoundation_usm.dll
0x00007ffcce7b0000 - 0x00007ffcce7c2000 	C:\Program Files\MATLAB\R2020a\bin\win64\libmwcapabilities.dll
0x00007ffca1e60000 - 0x00007ffca226f000 	C:\Program Files\MATLAB\R2020a\bin\win64\mvm.dll
0x00007ffca1c50000 - 0x00007ffca1e51000 	C:\Program Files\MATLAB\R2020a\bin\win64\libmwi18n.dll
0x00007ffcce790000 - 0x00007ffcce7a8000 	C:\Program Files\MATLAB\R2020a\bin\win64\libmwcpp11compat.dll
0x00007ffca1a90000 - 0x00007ffca1c48000 	C:\Program Files\MATLAB\R2020a\bin\win64\libmwfoundation_matlabdata.dll
0x00007ffcc4d60000 - 0x00007ffcc4e4e000 	C:\Program Files\MATLAB\R2020a\bin\win64\libmwfoundation_matlabdata_standalone.dll
0x00007ffcce600000 - 0x00007ffcce61d000 	C:\Program Files\MATLAB\R2020a\bin\win64\mwboost_thread-vc141-mt-x64-1_70.dll
0x00007ffcea090000 - 0x00007ffcea129000 	C:\windows\SYSTEM32\MSVCP140.dll
0x00007ffccd8b0000 - 0x00007ffccd8f4000 	C:\Program Files\MATLAB\R2020a\bin\win64\tbb.dll
0x00007ffcb4cc0000 - 0x00007ffcb4d71000 	C:\Program Files\MATLAB\R2020a\bin\win64\mwboost_log-vc141-mt-x64-1_70.dll
0x00007ffcea070000 - 0x00007ffcea086000 	C:\windows\SYSTEM32\VCRUNTIME140.dll
0x00007ffcd4060000 - 0x00007ffcd406e000 	C:\Program Files\MATLAB\R2020a\bin\win64\libmwflstrings.dll
0x00007ffcce5e0000 - 0x00007ffcce600000 	C:\Program Files\MATLAB\R2020a\bin\win64\mwboost_filesystem-vc141-mt-x64-1_70.dll
0x000000005d9f0000 - 0x000000005da01000 	C:\Program Files\MATLAB\R2020a\bin\win64\icuio64.dll
0x00007ffca1240000 - 0x00007ffca1a87000 	C:\Program Files\MATLAB\R2020a\bin\win64\mlutil.dll
0x00007ffcddc90000 - 0x00007ffcdde84000 	C:\windows\SYSTEM32\dbghelp.dll
0x00007ffcd1630000 - 0x00007ffcd1639000 	C:\Program Files\MATLAB\R2020a\bin\win64\libmwresource_core.dll
0x00007ffccdfd0000 - 0x00007ffccdfe2000 	C:\Program Files\MATLAB\R2020a\bin\win64\mwboost_date_time-vc141-mt-x64-1_70.dll
0x00007ffccdcf0000 - 0x00007ffccdd30000 	C:\Program Files\MATLAB\R2020a\bin\win64\mwboost_serialization-vc141-mt-x64-1_70.dll
0x00007ffccd890000 - 0x00007ffccd8a3000 	C:\Program Files\MATLAB\R2020a\bin\win64\libmwindexingapimethods.dll
0x000000005d850000 - 0x000000005d9e1000 	C:\Program Files\MATLAB\R2020a\bin\win64\icuuc64.dll
0x00007ffccb870000 - 0x00007ffccb8a7000 	C:\Program Files\MATLAB\R2020a\bin\win64\libmwmfl_permute.dll
0x00007ffcca1f0000 - 0x00007ffcca234000 	C:\Program Files\MATLAB\R2020a\bin\win64\tbbmalloc.dll
0x000000005d830000 - 0x000000005d84a000 	C:\Program Files\MATLAB\R2020a\bin\win64\zlib1.dll
0x00007ffcc9a60000 - 0x00007ffcc9ac1000 	C:\Program Files\MATLAB\R2020a\bin\win64\libmwlivecode.dll
0x00007ffcc8cd0000 - 0x00007ffcc8d22000 	C:\Program Files\MATLAB\R2020a\bin\win64\libmwsearch_path_utilities.dll
0x00007ffcc69d0000 - 0x00007ffcc6a49000 	C:\Program Files\MATLAB\R2020a\bin\win64\libmwcppmicroservices.dll
0x00007ffcf3d10000 - 0x00007ffcf3d6c000 	C:\windows\System32\WINTRUST.dll
0x00007ffcf3a50000 - 0x00007ffcf3a62000 	C:\windows\System32\MSASN1.dll
0x00007ffcf4a40000 - 0x00007ffcf4b89000 	C:\windows\System32\CRYPT32.dll
0x00007ffccf280000 - 0x00007ffccf28e000 	C:\Program Files\MATLAB\R2020a\bin\win64\libmwmatlabstoragesystem.dll
0x00007ffcbfd80000 - 0x00007ffcbfdef000 	C:\Program Files\MATLAB\R2020a\bin\win64\libmwcwf_interface.dll
0x00007ffccf1b0000 - 0x00007ffccf1bf000 	C:\Program Files\MATLAB\R2020a\bin\win64\libmwflstorageutility.dll
0x00007ffcbe6b0000 - 0x00007ffcbe6fb000 	C:\Program Files\MATLAB\R2020a\bin\win64\libmwrelease_info.dll
0x00007ffca1120000 - 0x00007ffca1233000 	C:\Program Files\MATLAB\R2020a\bin\win64\libmwflstorageprovider.dll
0x00007ffca0f80000 - 0x00007ffca111e000 	C:\Program Files\MATLAB\R2020a\bin\win64\libmwflstoragevfs.dll
0x00007ffcbb130000 - 0x00007ffcbb1bb000 	C:\Program Files\MATLAB\R2020a\bin\win64\opccore.dll
0x00007ffcc9760000 - 0x00007ffcc979b000 	C:\Program Files\MATLAB\R2020a\bin\win64\opczippackage.dll
0x00007ffcbfd40000 - 0x00007ffcbfd7f000 	C:\Program Files\MATLAB\R2020a\bin\win64\string_matrix.dll
0x00007ffccd870000 - 0x00007ffccd888000 	C:\Program Files\MATLAB\R2020a\bin\win64\mwboost_iostreams-vc141-mt-x64-1_70.dll
0x00007ffca0dc0000 - 0x00007ffca0f76000 	C:\Program Files\MATLAB\R2020a\bin\win64\opcmodel.dll
0x00007ffca0cc0000 - 0x00007ffca0db8000 	C:\Program Files\MATLAB\R2020a\bin\win64\mwboost_regex-vc141-mt-x64-1_70.dll
0x0000000180000000 - 0x0000000180121000 	C:\Program Files\MATLAB\R2020a\bin\win64\CppMicroServices3.dll
0x00007ffccb850000 - 0x00007ffccb863000 	C:\Program Files\MATLAB\R2020a\bin\win64\libmwsplashscreen.dll
0x00007ffca0b90000 - 0x00007ffca0cb8000 	C:\Program Files\MATLAB\R2020a\bin\win64\m_dispatcher.dll
0x00007ffca0660000 - 0x00007ffca0b8d000 	C:\Program Files\MATLAB\R2020a\bin\win64\settingscore.dll
0x000000005b9d0000 - 0x000000005bc2d000 	C:\Program Files\MATLAB\R2020a\bin\win64\icuin64.dll
0x00007ffcca730000 - 0x00007ffcca742000 	C:\Program Files\MATLAB\R2020a\bin\win64\nativejava_services.dll
0x00007ffca0570000 - 0x00007ffca065a000 	C:\Program Files\MATLAB\R2020a\bin\win64\m_parser.dll
0x00007ffca0400000 - 0x00007ffca0566000 	C:\Program Files\MATLAB\R2020a\bin\win64\m_interpreter.dll
0x00007ffcbe670000 - 0x00007ffcbe6a3000 	C:\Program Files\MATLAB\R2020a\bin\win64\addons_javapath.dll
0x00007ffcb4c30000 - 0x00007ffcb4cb6000 	C:\Program Files\MATLAB\R2020a\bin\win64\mcos.dll
0x00007ffcc9a30000 - 0x00007ffcc9a57000 	C:\Program Files\MATLAB\R2020a\bin\win64\libmwthreadpool.dll
0x00007ffcca1d0000 - 0x00007ffcca1ec000 	C:\Program Files\MATLAB\R2020a\bin\win64\libmwstartupplugin.dll
0x00007ffca0260000 - 0x00007ffca03fd000 	C:\Program Files\MATLAB\R2020a\bin\win64\iqm.dll
0x00007ffcce780000 - 0x00007ffcce78f000 	C:\Program Files\MATLAB\R2020a\bin\win64\libmvmtransportapi.dll
0x00007ffca0160000 - 0x00007ffca0253000 	C:\Program Files\MATLAB\R2020a\bin\win64\libmwstartup_plugin_initializer.dll
0x00007ffcc9d90000 - 0x00007ffcc9d9e000 	C:\Program Files\MATLAB\R2020a\bin\win64\mwboost_chrono-vc141-mt-x64-1_70.dll
0x00007ffc9ffc0000 - 0x00007ffca0156000 	C:\Program Files\MATLAB\R2020a\bin\win64\libmwmst.dll
0x00007ffceb940000 - 0x00007ffceb95b000 	C:\windows\SYSTEM32\MPR.dll
0x00007ffc9fe50000 - 0x00007ffc9ffb8000 	C:\Program Files\MATLAB\R2020a\bin\win64\matlab_toolbox_events.dll
0x00007ffc9fdc0000 - 0x00007ffc9fe48000 	C:\Program Files\MATLAB\R2020a\bin\win64\libexpat.dll
0x00007ffcef150000 - 0x00007ffcef15c000 	C:\windows\SYSTEM32\Secur32.dll
0x00007ffcc9d80000 - 0x00007ffcc9d8e000 	C:\Program Files\MATLAB\R2020a\bin\win64\libmwmatlabdata_boost_serialization.dll
0x00007ffc9fd20000 - 0x00007ffc9fdba000 	C:\Program Files\MATLAB\R2020a\bin\win64\opcmwservices.dll
0x00007ffc9f230000 - 0x00007ffc9f4c9000 	C:\Program Files\MATLAB\R2020a\bin\win64\execution_events.dll
0x00007ffcbe650000 - 0x00007ffcbe66a000 	C:\Program Files\MATLAB\R2020a\bin\win64\libmwsearch_path_interfaces.dll
0x00007ffc9fc70000 - 0x00007ffc9fd16000 	C:\Program Files\MATLAB\R2020a\bin\win64\libmwstoragefilefolderobserver.dll
0x00007ffc9efb0000 - 0x00007ffc9f221000 	C:\Program Files\MATLAB\R2020a\bin\win64\libmwflnetwork.dll
0x00007ffc9ec90000 - 0x00007ffc9efaa000 	C:\Program Files\MATLAB\R2020a\bin\win64\xerces-c_3_2.dll
0x00007ffcbdae0000 - 0x00007ffcbdaf1000 	C:\Program Files\MATLAB\R2020a\bin\win64\libminizip.dll
0x00007ffcbdac0000 - 0x00007ffcbdade000 	C:\Program Files\MATLAB\R2020a\bin\win64\libmwflstorageevents.dll

VM Arguments:
jvm_args: -Dvisualvm.id=41447089853100 -javaagent:C:\Program Files\JetBrains\IntelliJ IDEA Community Edition 2019.2.3\lib\idea_rt.jar=52343:C:\Program Files\JetBrains\IntelliJ IDEA Community Edition 2019.2.3\bin -Dfile.encoding=UTF-8 
java_command: seakers.trussaos.MOEARun
java_class_path (initial): C:\Program Files\AdoptOpenJDK\jdk-8.0.252.09-hotspot\jre\lib\charsets.jar;C:\Program Files\AdoptOpenJDK\jdk-8.0.252.09-hotspot\jre\lib\ext\access-bridge-64.jar;C:\Program Files\AdoptOpenJDK\jdk-8.0.252.09-hotspot\jre\lib\ext\cldrdata.jar;C:\Program Files\AdoptOpenJDK\jdk-8.0.252.09-hotspot\jre\lib\ext\dnsns.jar;C:\Program Files\AdoptOpenJDK\jdk-8.0.252.09-hotspot\jre\lib\ext\jaccess.jar;C:\Program Files\AdoptOpenJDK\jdk-8.0.252.09-hotspot\jre\lib\ext\localedata.jar;C:\Program Files\AdoptOpenJDK\jdk-8.0.252.09-hotspot\jre\lib\ext\nashorn.jar;C:\Program Files\AdoptOpenJDK\jdk-8.0.252.09-hotspot\jre\lib\ext\sunec.jar;C:\Program Files\AdoptOpenJDK\jdk-8.0.252.09-hotspot\jre\lib\ext\sunjce_provider.jar;C:\Program Files\AdoptOpenJDK\jdk-8.0.252.09-hotspot\jre\lib\ext\sunmscapi.jar;C:\Program Files\AdoptOpenJDK\jdk-8.0.252.09-hotspot\jre\lib\ext\sunpkcs11.jar;C:\Program Files\AdoptOpenJDK\jdk-8.0.252.09-hotspot\jre\lib\ext\zipfs.jar;C:\Program Files\AdoptOpenJDK\jdk-8.0.252.09-hotspot\jre\lib\jce.jar;C:\Program Files\AdoptOpenJDK\jdk-8.0.252.09-hotspot\jre\lib\jsse.jar;C:\Program Files\AdoptOpenJDK\jdk-8.0.252.09-hotspot\jre\lib\management-agent.jar;C:\Program Files\AdoptOpenJDK\jdk-8.0.252.09-hotspot\jre\lib\resources.jar;C:\Program Files\AdoptOpenJDK\jdk-8.0.252.09-hotspot\jre\lib\rt.jar;C:\SEAK Lab\SEAK Lab Github\KD3M3\Truss_AOS\target\classes;C:\Users\roshan94\.m2\repository\org\moeaframework\moeaframework\2.12\moeaframework-2.12.jar;C:\Users\roshan94\.m2\repository\commons-cli\commons-cli\1.2\commons-cli-1.2.jar;C:\Users\roshan94\.m2\repository\commons-codec\commons-codec\1.8\commons-codec-1.8.jar;C:\Users\roshan94\.m2\repository\org\apache\commons\commons-lang3\3.1\commons-lang3-3.1.jar;C:\Users\roshan94\.m2\repository\org\apache\commons\commons-math3\3.4.1\commons-math3-3.4.1.jar;C:\Users\roshan94\.m2\repository\org\jfree\jcommon\1.0.21\jcommon-1.0.21.jar;C:\Users\roshan94\.m2\repository\org\jfree\jfreechart\1.0.15\jfreechart-1.0.15.jar
Launcher Type: SUN_STANDARD

Environment Variables:
JAVA_HOME=C:\Program Files\AdoptOpenJDK\jdk-8.0.252.09-hotspot
PATH=C:\Program Files\AdoptOpenJDK\jdk-8.0.252.09-hotspot\bin;C:\Program Files (x86)\NVIDIA Corporation\PhysX\Common;C:\SIMULIA\Commands;C:\Program Files\Microsoft MPI\Bin\;C:\windows\system32;C:\windows;C:\windows\System32\Wbem;C:\windows\System32\WindowsPowerShell\v1.0\;C:\windows\System32\OpenSSH\;C:\ProgramData\chocolatey\bin;C:\Program Files\NVIDIA Corporation\NVIDIA NGX;C:\Program Files\MiKTeX 2.9\miktex\bin\x64\;C:\Program Files\Java\jdk-12.0.2\bin;C:\Program Files\MATLAB\R2020a\runtime\win64;C:\Program Files\MATLAB\R2020a\bin;C:\Program Files\MATLAB\R2019a\runtime\win64;C:\Program Files\MATLAB\R2019a\bin;C:\Program Files\Microsoft SQL Server\Client SDK\ODBC\110\Tools\Binn\;C:\Program Files (x86)\Microsoft SQL Server\120\Tools\Binn\;C:\Program Files\Microsoft SQL Server\120\Tools\Binn\;C:\Program Files\Microsoft SQL Server\120\DTS\Binn\;C:\Program Files (x86)\Windows Kits\8.1\Windows Performance Toolkit\;C:\Program Files\PuTTY\;C:\Users\roshan94\AppData\Local\Microsoft\WindowsApps;C:\Gradle\gradle-5.6.2-bin\gradle-5.6.2\bin;C:\Apache Maven\apache-maven-3.6.2-bin\apache-maven-3.6.2\bin;C:\Users\roshan94\AppData\Local\Programs\Git\cmd;C:\Thrift\thrift-0.13.0\compiler;C:\MinGW\bin;C:\Program Files\Java\jdk-12.0.2\bin;C:\windows\System32;C:\Libtool\libtool-1.5.26-bin\bin;C:\Program Files\MATLAB\R2020a\bin\win64;
USERNAME=roshan94
OS=Windows_NT
PROCESSOR_IDENTIFIER=Intel64 Family 6 Model 85 Stepping 4, GenuineIntel



---------------  S Y S T E M  ---------------

OS: Windows 10.0 , 64 bit Build 18362 (10.0.18362.900)

CPU:total 12 (initial active 12) (6 cores per cpu, 2 threads per core) family 6 model 85 stepping 4, cmov, cx8, fxsr, mmx, sse, sse2, sse3, ssse3, sse4.1, sse4.2, popcnt, avx, avx2, aes, clmul, erms, rtm, 3dnowpref, lzcnt, ht, tsc, tscinvbit, bmi1, bmi2, adx

Memory: 4k page, physical 16416572k(5407420k free), swap 18906940k(3112968k free)

vm_info: OpenJDK 64-Bit Server VM (25.252-b09) for windows-amd64 JRE (1.8.0_252-b09), built on Apr 22 2020 09:32:45 by "jenkins" with MS VC++ 12.0 (VS2013)

time: Fri Jul 17 14:20:17 2020
timezone: Central Daylight Time
elapsed time: 16556 seconds (0d 4h 35m 56s)

