#
# A fatal error has been detected by the Java Runtime Environment:
#
#  EXCEPTION_ACCESS_VIOLATION (0xc0000005) at pc=0x000001f1be9d0d4f, pid=11748, tid=6120
#
# JRE version: Java(TM) SE Runtime Environment (12.0.2+10) (build 12.0.2+10)
# Java VM: Java HotSpot(TM) 64-Bit Server VM (12.0.2+10, mixed mode, sharing, tiered, compressed oops, g1 gc, windows-amd64)
# Problematic frame:
# v  ~StubRoutines::atomic_add_long
#
# No core dump will be written. Minidumps are not enabled by default on client versions of Windows
#
# If you would like to submit a bug report, please visit:
#   http://bugreport.java.com/bugreport/crash.jsp
#

---------------  S U M M A R Y ------------

Command Line: -Dvisualvm.id=30704513321800 -javaagent:C:\Program Files\JetBrains\IntelliJ IDEA Community Edition 2019.2.3\lib\idea_rt.jar=63488:C:\Program Files\JetBrains\IntelliJ IDEA Community Edition 2019.2.3\bin -Dfile.encoding=UTF-8 seakers.trussaos.ConstantRadiusMOEARun

Host: Intel(R) Xeon(R) W-2133 CPU @ 3.60GHz, 12 cores, 15G,  Windows 10 , 64 bit Build 18362 (10.0.18362.1766)
Time: Wed Sep 15 14:41:45 2021 Central Daylight Time elapsed time: 7 seconds (0d 0h 0m 7s)

---------------  T H R E A D  ---------------

Current thread (0x000001f1db1dc000):  JavaThread "pool-1-thread-1" [_thread_in_vm, id=6120, stack(0x0000000f19600000,0x0000000f19700000)]

Stack: [0x0000000f19600000,0x0000000f19700000],  sp=0x0000000f196f9ef8,  free space=999k
Native frames: (J=compiled Java code, j=interpreted, Vv=VM code, C=native code)
C  0x000001f1be9d0d4f

Java frames: (J=compiled Java code, j=interpreted, Vv=VM code)
j  com.mathworks.mvm.exec.MatlabExecutor.nativeSubmitIIP(JLcom/mathworks/mvm/exec/MatlabIIP;JLjava/lang/String;)Lcom/mathworks/mvm/exec/NativeFutureResult;+0
j  com.mathworks.mvm.exec.MatlabExecutor.submit(Lcom/mathworks/mvm/exec/MatlabRequest;Lcom/mathworks/mvm/exec/DequeueMode;Ljava/lang/String;)Lcom/mathworks/mvm/exec/FutureResult;+175
j  com.mathworks.mvm.exec.MatlabExecutor.submit(Lcom/mathworks/mvm/exec/MatlabRequest;Lcom/mathworks/mvm/exec/DequeueMode;)Lcom/mathworks/mvm/exec/FutureResult;+4
j  com.mathworks.mvm.exec.MatlabExecutor.submit(Lcom/mathworks/mvm/exec/MatlabFevalRequest;)Lcom/mathworks/mvm/exec/FutureFevalResult;+5
j  com.mathworks.engine.MatlabEngine.fevalAsync(ILjava/lang/String;Ljava/io/Writer;Ljava/io/Writer;[Ljava/lang/Object;)Ljava/util/concurrent/Future;+45
j  com.mathworks.engine.MatlabEngine.fevalAsync(Ljava/lang/String;[Ljava/lang/Object;)Ljava/util/concurrent/Future;+24
j  com.mathworks.engine.MatlabEngine.feval(Ljava/lang/String;[Ljava/lang/Object;)Ljava/lang/Object;+3
j  seakers.trussaos.problems.ConstantRadiusArteryProblem.evaluate(Lorg/moeaframework/core/Solution;)V+1049
j  org.moeaframework.algorithm.AbstractAlgorithm.evaluate(Lorg/moeaframework/core/Solution;)V+5
j  org.moeaframework.algorithm.AbstractAlgorithm.evaluateAll(Ljava/lang/Iterable;)V+28
j  org.moeaframework.algorithm.AbstractAlgorithm.evaluateAll([Lorg/moeaframework/core/Solution;)V+5
j  org.moeaframework.algorithm.AbstractEvolutionaryAlgorithm.initialize()V+26
j  org.moeaframework.algorithm.AbstractAlgorithm.step()V+26
j  seakers.trussaos.EvolutionarySearch.call()Lorg/moeaframework/core/Algorithm;+97
j  seakers.trussaos.EvolutionarySearch.call()Ljava/lang/Object;+1
j  java.util.concurrent.FutureTask.run()V+39 java.base@12.0.2
j  java.util.concurrent.Executors$RunnableAdapter.call()Ljava/lang/Object;+4 java.base@12.0.2
j  java.util.concurrent.FutureTask.run()V+39 java.base@12.0.2
j  java.util.concurrent.ThreadPoolExecutor.runWorker(Ljava/util/concurrent/ThreadPoolExecutor$Worker;)V+92 java.base@12.0.2
j  java.util.concurrent.ThreadPoolExecutor$Worker.run()V+5 java.base@12.0.2
j  java.lang.Thread.run()V+11 java.base@12.0.2
v  ~StubRoutines::call_stub

siginfo: EXCEPTION_ACCESS_VIOLATION (0xc0000005), writing address 0x0000000000000238


Register to memory mapping:

RIP=0x000001f1be9d0d4f is at begin+3 in a stub
StubRoutines::atomic_add_long [0x000001f1be9d0d4c, 0x000001f1be9d0d58[ (12 bytes)
RAX=0x0000000000000001 is an unknown value
RBX=0x000001f1dab870c0 points into unknown readable memory: 00 00 00 00 00 00 00 00
RCX=0x0000000000000001 is an unknown value
RDX=0x0000000000000238 is an unknown value
RSP=0x0000000f196f9ef8 is pointing into the stack for thread: 0x000001f1db1dc000
RBP=0x0000000000080000 is an unknown value
RSI=0x000001f1b43c4100 points into unknown readable memory: d0 52 18 da f1 01 00 00
RDI=0x0 is NULL
R8 =0x000001f1b43c4100 points into unknown readable memory: d0 52 18 da f1 01 00 00
R9 =0x0000000000000001 is an unknown value
R10=0x0000000000008000 is an unknown value
R11=0x0000000f196fa068 is pointing into the stack for thread: 0x000001f1db1dc000
R12=0x0000000f196faac0 is pointing into the stack for thread: 0x000001f1db1dc000
R13=0x0000000000000005 is an unknown value
R14=0x0 is NULL
R15=0x000001f1b43c4100 points into unknown readable memory: d0 52 18 da f1 01 00 00


Registers:
RAX=0x0000000000000001, RBX=0x000001f1dab870c0, RCX=0x0000000000000001, RDX=0x0000000000000238
RSP=0x0000000f196f9ef8, RBP=0x0000000000080000, RSI=0x000001f1b43c4100, RDI=0x0000000000000000
R8 =0x000001f1b43c4100, R9 =0x0000000000000001, R10=0x0000000000008000, R11=0x0000000f196fa068
R12=0x0000000f196faac0, R13=0x0000000000000005, R14=0x0000000000000000, R15=0x000001f1b43c4100
RIP=0x000001f1be9d0d4f, EFLAGS=0x0000000000010206

Top of Stack: (sp=0x0000000f196f9ef8)
0x0000000f196f9ef8:   00007fff5aa4bced 000001f1b4320000
0x0000000f196f9f08:   000001f100000004 0000000000000013
0x0000000f196f9f18:   00007fffc62c130d 000001f1db1ecd80
0x0000000f196f9f28:   00007fffc62c06e1 0000000000000002
0x0000000f196f9f38:   000001f1b43a0000 000001f1dab87080
0x0000000f196f9f48:   0000000000000000 000001f1db1e90c0
0x0000000f196f9f58:   0000000800000000 0000000000000000
0x0000000f196f9f68:   000001f1db161740 0000000000000008
0x0000000f196f9f78:   00007fffc62c130d fffffffffffffffe
0x0000000f196f9f88:   0000000000000000 0000000f196fa068
0x0000000f196f9f98:   00007fff7b81b119 00000000ffffffff
0x0000000f196f9fa8:   00007fff5a7fb375 000001f1db1e8f00
0x0000000f196f9fb8:   000000b6196faac0 0000eade61ae0988
0x0000000f196f9fc8:   000001f1db1f6d00 0000000000000000
0x0000000f196f9fd8:   00000000ffffffff 0000000f196faac0
0x0000000f196f9fe8:   0000000000000008 000001f1b43c4100 

Instructions: (pc=0x000001f1be9d0d4f)
0x000001f1be9d0c4f:   e3 4d 40 18 b5 b8 fe ff ff 00 62 e3 45 40 18 bd
0x000001f1be9d0c5f:   a8 fe ff ff 00 62 63 3d 40 18 85 98 fe ff ff 00
0x000001f1be9d0c6f:   62 63 35 40 18 8d 88 fe ff ff 00 62 63 2d 40 18
0x000001f1be9d0c7f:   95 78 fe ff ff 00 62 63 25 40 18 9d 68 fe ff ff
0x000001f1be9d0c8f:   00 62 63 1d 40 18 a5 58 fe ff ff 00 62 63 15 40
0x000001f1be9d0c9f:   18 ad 48 fe ff ff 00 62 63 0d 40 18 b5 38 fe ff
0x000001f1be9d0caf:   ff 00 62 63 05 40 18 bd 28 fe ff ff 00 4c 8b 7d
0x000001f1be9d0cbf:   c8 4c 8b 75 d0 4c 8b 6d d8 4c 8b 65 e0 48 8b 5d
0x000001f1be9d0ccf:   f8 48 8b 7d e8 48 8b 75 f0 48 81 c4 d8 01 00 00
0x000001f1be9d0cdf:   c5 f8 77 5d c3 48 89 01 e9 ab fe ff ff c5 fa 11
0x000001f1be9d0cef:   01 e9 a2 fe ff ff c5 fb 11 01 e9 99 fe ff ff 49
0x000001f1be9d0cff:   89 47 08 49 ba 70 01 d1 5a ff 7f 00 00 4d 89 57
0x000001f1be9d0d0f:   10 41 c7 47 18 db 01 00 00 e9 4d fe ff ff 8b c1
0x000001f1be9d0d1f:   87 02 c3 48 8b c1 48 87 02 c3 41 8b c0 f0 0f b1
0x000001f1be9d0d2f:   0a c3 49 0f be c0 f0 0f b0 0a c3 49 8b c0 f0 48
0x000001f1be9d0d3f:   0f b1 0a c3 8b c1 f0 0f c1 0a 03 c1 c3 48 8b c1
0x000001f1be9d0d4f:   f0 48 0f c1 0a 48 03 c1 c3 f0 83 44 24 c0 00 c3
0x000001f1be9d0d5f:   55 48 8b ec 48 8b 45 00 48 8b 00 5d c3 48 8b c4
0x000001f1be9d0d6f:   48 83 c0 08 c3 c3 66 66 66 0f 1f 84 00 00 00 00
0x000001f1be9d0d7f:   00 55 48 8b ec 49 b9 b0 d4 e4 5a ff 7f 00 00 f7
0x000001f1be9d0d8f:   d1 41 83 f8 10 0f 8c 38 02 00 00 44 8b da 41 83
0x000001f1be9d0d9f:   e3 0f 74 23 41 83 eb 10 45 03 c3 66 90 0f be 02
0x000001f1be9d0daf:   33 c1 81 e0 ff 00 00 00 c1 e9 08 41 33 0c 81 48
0x000001f1be9d0dbf:   ff c2 41 ff c3 7c e6 45 8b d8 41 c1 e8 04 0f 84
0x000001f1be9d0dcf:   fc 01 00 00 c5 f9 6f 0a c5 f9 7e c8 33 c8 c4 e3
0x000001f1be9d0ddf:   71 22 c9 00 48 83 c2 10 41 83 e8 04 0f 8c d7 00
0x000001f1be9d0def:   00 00 c5 f9 6f 12 c5 f9 6f 5a 10 c5 f9 6f 62 20
0x000001f1be9d0dff:   48 83 c2 30 41 83 e8 03 0f 8e 70 00 00 00 49 ba
0x000001f1be9d0e0f:   a0 d4 e4 5a ff 7f 00 00 c4 c1 7a 6f 02 0f 1f 40
0x000001f1be9d0e1f:   00 c4 e3 79 44 e9 11 c4 e3 79 44 c9 00 c5 f1 ef
0x000001f1be9d0e2f:   0a c5 f1 ef cd c4 e3 79 44 ea 11 c4 e3 79 44 d2
0x000001f1be9d0e3f:   00 c5 e9 ef 52 10 c5 e9 ef d5 c4 e3 79 44 eb 11 


Stack slot to memory mapping:
stack at sp + 0 slots: 0x00007fff5aa4bced jvm.dll
stack at sp + 1 slots: 0x000001f1b4320000 points into unknown readable memory: 00 00 00 00 00 00 00 00
stack at sp + 2 slots: 0x000001f100000004 is an unknown value
stack at sp + 3 slots: 0x0000000000000013 is an unknown value
stack at sp + 4 slots: 0x00007fffc62c130d ntdll.dll
stack at sp + 5 slots: 0x000001f1db1ecd80 points into unknown readable memory: 4c 00 6a 00 61 00 76 00
stack at sp + 6 slots: 0x00007fffc62c06e1 ntdll.dll
stack at sp + 7 slots: 0x0000000000000002 is an unknown value

StubRoutines::atomic_add_long [0x000001f1be9d0d4c, 0x000001f1be9d0d58[ (12 bytes)
---------------  P R O C E S S  ---------------

Threads class SMR info:
_java_thread_list=0x000001f1db1db620, length=13, elements={
0x000001f1b65cc000, 0x000001f1da18f800, 0x000001f1da191800, 0x000001f1da1a7000,
0x000001f1da1a8800, 0x000001f1da1ab800, 0x000001f1daa34000, 0x000001f1daa3b800,
0x000001f1dab64800, 0x000001f1dac69800, 0x000001f1dad98000, 0x000001f1db064000,
0x000001f1db1dc000
}

Java Threads: ( => current thread )
  0x000001f1b65cc000 JavaThread "main" [_thread_blocked, id=12280, stack(0x0000000f18000000,0x0000000f18100000)]
  0x000001f1da18f800 JavaThread "Reference Handler" daemon [_thread_blocked, id=14852, stack(0x0000000f18700000,0x0000000f18800000)]
  0x000001f1da191800 JavaThread "Finalizer" daemon [_thread_blocked, id=8672, stack(0x0000000f18800000,0x0000000f18900000)]
  0x000001f1da1a7000 JavaThread "Signal Dispatcher" daemon [_thread_blocked, id=14884, stack(0x0000000f18900000,0x0000000f18a00000)]
  0x000001f1da1a8800 JavaThread "Attach Listener" daemon [_thread_blocked, id=12988, stack(0x0000000f18a00000,0x0000000f18b00000)]
  0x000001f1da1ab800 JavaThread "C2 CompilerThread0" daemon [_thread_blocked, id=11880, stack(0x0000000f18b00000,0x0000000f18c00000)]
  0x000001f1daa34000 JavaThread "C1 CompilerThread0" daemon [_thread_blocked, id=2272, stack(0x0000000f18c00000,0x0000000f18d00000)]
  0x000001f1daa3b800 JavaThread "Sweeper thread" daemon [_thread_blocked, id=4596, stack(0x0000000f18d00000,0x0000000f18e00000)]
  0x000001f1dab64800 JavaThread "Common-Cleaner" daemon [_thread_blocked, id=13248, stack(0x0000000f18e00000,0x0000000f18f00000)]
  0x000001f1dac69800 JavaThread "Monitor Ctrl-Break" daemon [_thread_in_native, id=2224, stack(0x0000000f19000000,0x0000000f19100000)]
  0x000001f1dad98000 JavaThread "Service Thread" daemon [_thread_blocked, id=14004, stack(0x0000000f19100000,0x0000000f19200000)]
  0x000001f1db064000 JavaThread "EventMgr Dispatcher" daemon [_thread_in_native, id=6164, stack(0x0000000f19300000,0x0000000f19400000)]
=>0x000001f1db1dc000 JavaThread "pool-1-thread-1" [_thread_in_vm, id=6120, stack(0x0000000f19600000,0x0000000f19700000)]

Other Threads:
  0x000001f1da18e000 VMThread "VM Thread" [stack: 0x0000000f18600000,0x0000000f18700000] [id=10616]
  0x000001f1dad99800 WatcherThread [stack: 0x0000000f19200000,0x0000000f19300000] [id=14396]
  0x000001f1b662e000 GCTaskThread "GC Thread#0" [stack: 0x0000000f18100000,0x0000000f18200000] [id=9852]
  0x000001f1b6649800 ConcurrentGCThread "G1 Main Marker" [stack: 0x0000000f18200000,0x0000000f18300000] [id=6332]
  0x000001f1b664b000 ConcurrentGCThread "G1 Conc#0" [stack: 0x0000000f18300000,0x0000000f18400000] [id=7844]
  0x000001f1da084800 ConcurrentGCThread "G1 Refine#0" [stack: 0x0000000f18400000,0x0000000f18500000] [id=2604]
  0x000001f1da085000 ConcurrentGCThread "G1 Young RemSet Sampling" [stack: 0x0000000f18500000,0x0000000f18600000] [id=16288]

Threads with active compile tasks:

VM state:not at safepoint (normal execution)

VM Mutex/Monitor currently owned by a thread: None

Heap address: 0x0000000705800000, size: 4008 MB, Compressed Oops mode: Zero based, Oop shift amount: 3
Narrow klass base: 0x0000000800000000, Narrow klass shift: 3
Compressed class space size: 1073741824 Address: 0x0000000801190000

Heap:
 garbage-first heap   total 258048K, used 7168K [0x0000000705800000, 0x0000000800000000)
  region size 1024K, 8 young (8192K), 0 survivors (0K)
 Metaspace       used 2408K, capacity 5249K, committed 5504K, reserved 1056768K
  class space    used 241K, capacity 515K, committed 640K, reserved 1048576K
Heap Regions: E=young(eden), S=young(survivor), O=old, HS=humongous(starts), HC=humongous(continues), CS=collection set, F=free, A=archive, TAMS=top-at-mark-start (previous, next)
|   0|0x0000000705800000, 0x0000000705800000, 0x0000000705900000|  0%| F|  |TAMS 0x0000000705800000, 0x0000000705800000| Untracked 
|   1|0x0000000705900000, 0x0000000705900000, 0x0000000705a00000|  0%| F|  |TAMS 0x0000000705900000, 0x0000000705900000| Untracked 
|   2|0x0000000705a00000, 0x0000000705a00000, 0x0000000705b00000|  0%| F|  |TAMS 0x0000000705a00000, 0x0000000705a00000| Untracked 
|   3|0x0000000705b00000, 0x0000000705b00000, 0x0000000705c00000|  0%| F|  |TAMS 0x0000000705b00000, 0x0000000705b00000| Untracked 
|   4|0x0000000705c00000, 0x0000000705c00000, 0x0000000705d00000|  0%| F|  |TAMS 0x0000000705c00000, 0x0000000705c00000| Untracked 
|   5|0x0000000705d00000, 0x0000000705d00000, 0x0000000705e00000|  0%| F|  |TAMS 0x0000000705d00000, 0x0000000705d00000| Untracked 
|   6|0x0000000705e00000, 0x0000000705e00000, 0x0000000705f00000|  0%| F|  |TAMS 0x0000000705e00000, 0x0000000705e00000| Untracked 
|   7|0x0000000705f00000, 0x0000000705f00000, 0x0000000706000000|  0%| F|  |TAMS 0x0000000705f00000, 0x0000000705f00000| Untracked 
|   8|0x0000000706000000, 0x0000000706000000, 0x0000000706100000|  0%| F|  |TAMS 0x0000000706000000, 0x0000000706000000| Untracked 
|   9|0x0000000706100000, 0x0000000706100000, 0x0000000706200000|  0%| F|  |TAMS 0x0000000706100000, 0x0000000706100000| Untracked 
|  10|0x0000000706200000, 0x0000000706200000, 0x0000000706300000|  0%| F|  |TAMS 0x0000000706200000, 0x0000000706200000| Untracked 
|  11|0x0000000706300000, 0x0000000706300000, 0x0000000706400000|  0%| F|  |TAMS 0x0000000706300000, 0x0000000706300000| Untracked 
|  12|0x0000000706400000, 0x0000000706400000, 0x0000000706500000|  0%| F|  |TAMS 0x0000000706400000, 0x0000000706400000| Untracked 
|  13|0x0000000706500000, 0x0000000706500000, 0x0000000706600000|  0%| F|  |TAMS 0x0000000706500000, 0x0000000706500000| Untracked 
|  14|0x0000000706600000, 0x0000000706600000, 0x0000000706700000|  0%| F|  |TAMS 0x0000000706600000, 0x0000000706600000| Untracked 
|  15|0x0000000706700000, 0x0000000706700000, 0x0000000706800000|  0%| F|  |TAMS 0x0000000706700000, 0x0000000706700000| Untracked 
|  16|0x0000000706800000, 0x0000000706800000, 0x0000000706900000|  0%| F|  |TAMS 0x0000000706800000, 0x0000000706800000| Untracked 
|  17|0x0000000706900000, 0x0000000706900000, 0x0000000706a00000|  0%| F|  |TAMS 0x0000000706900000, 0x0000000706900000| Untracked 
|  18|0x0000000706a00000, 0x0000000706a00000, 0x0000000706b00000|  0%| F|  |TAMS 0x0000000706a00000, 0x0000000706a00000| Untracked 
|  19|0x0000000706b00000, 0x0000000706b00000, 0x0000000706c00000|  0%| F|  |TAMS 0x0000000706b00000, 0x0000000706b00000| Untracked 
|  20|0x0000000706c00000, 0x0000000706c00000, 0x0000000706d00000|  0%| F|  |TAMS 0x0000000706c00000, 0x0000000706c00000| Untracked 
|  21|0x0000000706d00000, 0x0000000706d00000, 0x0000000706e00000|  0%| F|  |TAMS 0x0000000706d00000, 0x0000000706d00000| Untracked 
|  22|0x0000000706e00000, 0x0000000706e00000, 0x0000000706f00000|  0%| F|  |TAMS 0x0000000706e00000, 0x0000000706e00000| Untracked 
|  23|0x0000000706f00000, 0x0000000706f00000, 0x0000000707000000|  0%| F|  |TAMS 0x0000000706f00000, 0x0000000706f00000| Untracked 
|  24|0x0000000707000000, 0x0000000707000000, 0x0000000707100000|  0%| F|  |TAMS 0x0000000707000000, 0x0000000707000000| Untracked 
|  25|0x0000000707100000, 0x0000000707100000, 0x0000000707200000|  0%| F|  |TAMS 0x0000000707100000, 0x0000000707100000| Untracked 
|  26|0x0000000707200000, 0x0000000707200000, 0x0000000707300000|  0%| F|  |TAMS 0x0000000707200000, 0x0000000707200000| Untracked 
|  27|0x0000000707300000, 0x0000000707300000, 0x0000000707400000|  0%| F|  |TAMS 0x0000000707300000, 0x0000000707300000| Untracked 
|  28|0x0000000707400000, 0x0000000707400000, 0x0000000707500000|  0%| F|  |TAMS 0x0000000707400000, 0x0000000707400000| Untracked 
|  29|0x0000000707500000, 0x0000000707500000, 0x0000000707600000|  0%| F|  |TAMS 0x0000000707500000, 0x0000000707500000| Untracked 
|  30|0x0000000707600000, 0x0000000707600000, 0x0000000707700000|  0%| F|  |TAMS 0x0000000707600000, 0x0000000707600000| Untracked 
|  31|0x0000000707700000, 0x0000000707700000, 0x0000000707800000|  0%| F|  |TAMS 0x0000000707700000, 0x0000000707700000| Untracked 
|  32|0x0000000707800000, 0x0000000707800000, 0x0000000707900000|  0%| F|  |TAMS 0x0000000707800000, 0x0000000707800000| Untracked 
|  33|0x0000000707900000, 0x0000000707900000, 0x0000000707a00000|  0%| F|  |TAMS 0x0000000707900000, 0x0000000707900000| Untracked 
|  34|0x0000000707a00000, 0x0000000707a00000, 0x0000000707b00000|  0%| F|  |TAMS 0x0000000707a00000, 0x0000000707a00000| Untracked 
|  35|0x0000000707b00000, 0x0000000707b00000, 0x0000000707c00000|  0%| F|  |TAMS 0x0000000707b00000, 0x0000000707b00000| Untracked 
|  36|0x0000000707c00000, 0x0000000707c00000, 0x0000000707d00000|  0%| F|  |TAMS 0x0000000707c00000, 0x0000000707c00000| Untracked 
|  37|0x0000000707d00000, 0x0000000707d00000, 0x0000000707e00000|  0%| F|  |TAMS 0x0000000707d00000, 0x0000000707d00000| Untracked 
|  38|0x0000000707e00000, 0x0000000707e00000, 0x0000000707f00000|  0%| F|  |TAMS 0x0000000707e00000, 0x0000000707e00000| Untracked 
|  39|0x0000000707f00000, 0x0000000707f00000, 0x0000000708000000|  0%| F|  |TAMS 0x0000000707f00000, 0x0000000707f00000| Untracked 
|  40|0x0000000708000000, 0x0000000708000000, 0x0000000708100000|  0%| F|  |TAMS 0x0000000708000000, 0x0000000708000000| Untracked 
|  41|0x0000000708100000, 0x0000000708100000, 0x0000000708200000|  0%| F|  |TAMS 0x0000000708100000, 0x0000000708100000| Untracked 
|  42|0x0000000708200000, 0x0000000708200000, 0x0000000708300000|  0%| F|  |TAMS 0x0000000708200000, 0x0000000708200000| Untracked 
|  43|0x0000000708300000, 0x0000000708300000, 0x0000000708400000|  0%| F|  |TAMS 0x0000000708300000, 0x0000000708300000| Untracked 
|  44|0x0000000708400000, 0x0000000708400000, 0x0000000708500000|  0%| F|  |TAMS 0x0000000708400000, 0x0000000708400000| Untracked 
|  45|0x0000000708500000, 0x0000000708500000, 0x0000000708600000|  0%| F|  |TAMS 0x0000000708500000, 0x0000000708500000| Untracked 
|  46|0x0000000708600000, 0x0000000708600000, 0x0000000708700000|  0%| F|  |TAMS 0x0000000708600000, 0x0000000708600000| Untracked 
|  47|0x0000000708700000, 0x0000000708700000, 0x0000000708800000|  0%| F|  |TAMS 0x0000000708700000, 0x0000000708700000| Untracked 
|  48|0x0000000708800000, 0x0000000708800000, 0x0000000708900000|  0%| F|  |TAMS 0x0000000708800000, 0x0000000708800000| Untracked 
|  49|0x0000000708900000, 0x0000000708900000, 0x0000000708a00000|  0%| F|  |TAMS 0x0000000708900000, 0x0000000708900000| Untracked 
|  50|0x0000000708a00000, 0x0000000708a00000, 0x0000000708b00000|  0%| F|  |TAMS 0x0000000708a00000, 0x0000000708a00000| Untracked 
|  51|0x0000000708b00000, 0x0000000708b00000, 0x0000000708c00000|  0%| F|  |TAMS 0x0000000708b00000, 0x0000000708b00000| Untracked 
|  52|0x0000000708c00000, 0x0000000708c00000, 0x0000000708d00000|  0%| F|  |TAMS 0x0000000708c00000, 0x0000000708c00000| Untracked 
|  53|0x0000000708d00000, 0x0000000708d00000, 0x0000000708e00000|  0%| F|  |TAMS 0x0000000708d00000, 0x0000000708d00000| Untracked 
|  54|0x0000000708e00000, 0x0000000708e00000, 0x0000000708f00000|  0%| F|  |TAMS 0x0000000708e00000, 0x0000000708e00000| Untracked 
|  55|0x0000000708f00000, 0x0000000708f00000, 0x0000000709000000|  0%| F|  |TAMS 0x0000000708f00000, 0x0000000708f00000| Untracked 
|  56|0x0000000709000000, 0x0000000709000000, 0x0000000709100000|  0%| F|  |TAMS 0x0000000709000000, 0x0000000709000000| Untracked 
|  57|0x0000000709100000, 0x0000000709100000, 0x0000000709200000|  0%| F|  |TAMS 0x0000000709100000, 0x0000000709100000| Untracked 
|  58|0x0000000709200000, 0x0000000709200000, 0x0000000709300000|  0%| F|  |TAMS 0x0000000709200000, 0x0000000709200000| Untracked 
|  59|0x0000000709300000, 0x0000000709300000, 0x0000000709400000|  0%| F|  |TAMS 0x0000000709300000, 0x0000000709300000| Untracked 
|  60|0x0000000709400000, 0x0000000709400000, 0x0000000709500000|  0%| F|  |TAMS 0x0000000709400000, 0x0000000709400000| Untracked 
|  61|0x0000000709500000, 0x0000000709500000, 0x0000000709600000|  0%| F|  |TAMS 0x0000000709500000, 0x0000000709500000| Untracked 
|  62|0x0000000709600000, 0x0000000709600000, 0x0000000709700000|  0%| F|  |TAMS 0x0000000709600000, 0x0000000709600000| Untracked 
|  63|0x0000000709700000, 0x0000000709700000, 0x0000000709800000|  0%| F|  |TAMS 0x0000000709700000, 0x0000000709700000| Untracked 
|  64|0x0000000709800000, 0x0000000709800000, 0x0000000709900000|  0%| F|  |TAMS 0x0000000709800000, 0x0000000709800000| Untracked 
|  65|0x0000000709900000, 0x0000000709900000, 0x0000000709a00000|  0%| F|  |TAMS 0x0000000709900000, 0x0000000709900000| Untracked 
|  66|0x0000000709a00000, 0x0000000709a00000, 0x0000000709b00000|  0%| F|  |TAMS 0x0000000709a00000, 0x0000000709a00000| Untracked 
|  67|0x0000000709b00000, 0x0000000709b00000, 0x0000000709c00000|  0%| F|  |TAMS 0x0000000709b00000, 0x0000000709b00000| Untracked 
|  68|0x0000000709c00000, 0x0000000709c00000, 0x0000000709d00000|  0%| F|  |TAMS 0x0000000709c00000, 0x0000000709c00000| Untracked 
|  69|0x0000000709d00000, 0x0000000709d00000, 0x0000000709e00000|  0%| F|  |TAMS 0x0000000709d00000, 0x0000000709d00000| Untracked 
|  70|0x0000000709e00000, 0x0000000709e00000, 0x0000000709f00000|  0%| F|  |TAMS 0x0000000709e00000, 0x0000000709e00000| Untracked 
|  71|0x0000000709f00000, 0x0000000709f00000, 0x000000070a000000|  0%| F|  |TAMS 0x0000000709f00000, 0x0000000709f00000| Untracked 
|  72|0x000000070a000000, 0x000000070a000000, 0x000000070a100000|  0%| F|  |TAMS 0x000000070a000000, 0x000000070a000000| Untracked 
|  73|0x000000070a100000, 0x000000070a100000, 0x000000070a200000|  0%| F|  |TAMS 0x000000070a100000, 0x000000070a100000| Untracked 
|  74|0x000000070a200000, 0x000000070a200000, 0x000000070a300000|  0%| F|  |TAMS 0x000000070a200000, 0x000000070a200000| Untracked 
|  75|0x000000070a300000, 0x000000070a300000, 0x000000070a400000|  0%| F|  |TAMS 0x000000070a300000, 0x000000070a300000| Untracked 
|  76|0x000000070a400000, 0x000000070a400000, 0x000000070a500000|  0%| F|  |TAMS 0x000000070a400000, 0x000000070a400000| Untracked 
|  77|0x000000070a500000, 0x000000070a500000, 0x000000070a600000|  0%| F|  |TAMS 0x000000070a500000, 0x000000070a500000| Untracked 
|  78|0x000000070a600000, 0x000000070a600000, 0x000000070a700000|  0%| F|  |TAMS 0x000000070a600000, 0x000000070a600000| Untracked 
|  79|0x000000070a700000, 0x000000070a700000, 0x000000070a800000|  0%| F|  |TAMS 0x000000070a700000, 0x000000070a700000| Untracked 
|  80|0x000000070a800000, 0x000000070a800000, 0x000000070a900000|  0%| F|  |TAMS 0x000000070a800000, 0x000000070a800000| Untracked 
|  81|0x000000070a900000, 0x000000070a900000, 0x000000070aa00000|  0%| F|  |TAMS 0x000000070a900000, 0x000000070a900000| Untracked 
|  82|0x000000070aa00000, 0x000000070aa00000, 0x000000070ab00000|  0%| F|  |TAMS 0x000000070aa00000, 0x000000070aa00000| Untracked 
|  83|0x000000070ab00000, 0x000000070ab00000, 0x000000070ac00000|  0%| F|  |TAMS 0x000000070ab00000, 0x000000070ab00000| Untracked 
|  84|0x000000070ac00000, 0x000000070ac00000, 0x000000070ad00000|  0%| F|  |TAMS 0x000000070ac00000, 0x000000070ac00000| Untracked 
|  85|0x000000070ad00000, 0x000000070ad00000, 0x000000070ae00000|  0%| F|  |TAMS 0x000000070ad00000, 0x000000070ad00000| Untracked 
|  86|0x000000070ae00000, 0x000000070ae00000, 0x000000070af00000|  0%| F|  |TAMS 0x000000070ae00000, 0x000000070ae00000| Untracked 
|  87|0x000000070af00000, 0x000000070af00000, 0x000000070b000000|  0%| F|  |TAMS 0x000000070af00000, 0x000000070af00000| Untracked 
|  88|0x000000070b000000, 0x000000070b000000, 0x000000070b100000|  0%| F|  |TAMS 0x000000070b000000, 0x000000070b000000| Untracked 
|  89|0x000000070b100000, 0x000000070b100000, 0x000000070b200000|  0%| F|  |TAMS 0x000000070b100000, 0x000000070b100000| Untracked 
|  90|0x000000070b200000, 0x000000070b200000, 0x000000070b300000|  0%| F|  |TAMS 0x000000070b200000, 0x000000070b200000| Untracked 
|  91|0x000000070b300000, 0x000000070b300000, 0x000000070b400000|  0%| F|  |TAMS 0x000000070b300000, 0x000000070b300000| Untracked 
|  92|0x000000070b400000, 0x000000070b400000, 0x000000070b500000|  0%| F|  |TAMS 0x000000070b400000, 0x000000070b400000| Untracked 
|  93|0x000000070b500000, 0x000000070b500000, 0x000000070b600000|  0%| F|  |TAMS 0x000000070b500000, 0x000000070b500000| Untracked 
|  94|0x000000070b600000, 0x000000070b600000, 0x000000070b700000|  0%| F|  |TAMS 0x000000070b600000, 0x000000070b600000| Untracked 
|  95|0x000000070b700000, 0x000000070b700000, 0x000000070b800000|  0%| F|  |TAMS 0x000000070b700000, 0x000000070b700000| Untracked 
|  96|0x000000070b800000, 0x000000070b800000, 0x000000070b900000|  0%| F|  |TAMS 0x000000070b800000, 0x000000070b800000| Untracked 
|  97|0x000000070b900000, 0x000000070b900000, 0x000000070ba00000|  0%| F|  |TAMS 0x000000070b900000, 0x000000070b900000| Untracked 
|  98|0x000000070ba00000, 0x000000070ba00000, 0x000000070bb00000|  0%| F|  |TAMS 0x000000070ba00000, 0x000000070ba00000| Untracked 
|  99|0x000000070bb00000, 0x000000070bb00000, 0x000000070bc00000|  0%| F|  |TAMS 0x000000070bb00000, 0x000000070bb00000| Untracked 
| 100|0x000000070bc00000, 0x000000070bc00000, 0x000000070bd00000|  0%| F|  |TAMS 0x000000070bc00000, 0x000000070bc00000| Untracked 
| 101|0x000000070bd00000, 0x000000070bd00000, 0x000000070be00000|  0%| F|  |TAMS 0x000000070bd00000, 0x000000070bd00000| Untracked 
| 102|0x000000070be00000, 0x000000070be00000, 0x000000070bf00000|  0%| F|  |TAMS 0x000000070be00000, 0x000000070be00000| Untracked 
| 103|0x000000070bf00000, 0x000000070bf00000, 0x000000070c000000|  0%| F|  |TAMS 0x000000070bf00000, 0x000000070bf00000| Untracked 
| 104|0x000000070c000000, 0x000000070c000000, 0x000000070c100000|  0%| F|  |TAMS 0x000000070c000000, 0x000000070c000000| Untracked 
| 105|0x000000070c100000, 0x000000070c100000, 0x000000070c200000|  0%| F|  |TAMS 0x000000070c100000, 0x000000070c100000| Untracked 
| 106|0x000000070c200000, 0x000000070c200000, 0x000000070c300000|  0%| F|  |TAMS 0x000000070c200000, 0x000000070c200000| Untracked 
| 107|0x000000070c300000, 0x000000070c300000, 0x000000070c400000|  0%| F|  |TAMS 0x000000070c300000, 0x000000070c300000| Untracked 
| 108|0x000000070c400000, 0x000000070c400000, 0x000000070c500000|  0%| F|  |TAMS 0x000000070c400000, 0x000000070c400000| Untracked 
| 109|0x000000070c500000, 0x000000070c500000, 0x000000070c600000|  0%| F|  |TAMS 0x000000070c500000, 0x000000070c500000| Untracked 
| 110|0x000000070c600000, 0x000000070c600000, 0x000000070c700000|  0%| F|  |TAMS 0x000000070c600000, 0x000000070c600000| Untracked 
| 111|0x000000070c700000, 0x000000070c700000, 0x000000070c800000|  0%| F|  |TAMS 0x000000070c700000, 0x000000070c700000| Untracked 
| 112|0x000000070c800000, 0x000000070c800000, 0x000000070c900000|  0%| F|  |TAMS 0x000000070c800000, 0x000000070c800000| Untracked 
| 113|0x000000070c900000, 0x000000070c900000, 0x000000070ca00000|  0%| F|  |TAMS 0x000000070c900000, 0x000000070c900000| Untracked 
| 114|0x000000070ca00000, 0x000000070ca00000, 0x000000070cb00000|  0%| F|  |TAMS 0x000000070ca00000, 0x000000070ca00000| Untracked 
| 115|0x000000070cb00000, 0x000000070cb00000, 0x000000070cc00000|  0%| F|  |TAMS 0x000000070cb00000, 0x000000070cb00000| Untracked 
| 116|0x000000070cc00000, 0x000000070cc00000, 0x000000070cd00000|  0%| F|  |TAMS 0x000000070cc00000, 0x000000070cc00000| Untracked 
| 117|0x000000070cd00000, 0x000000070cd00000, 0x000000070ce00000|  0%| F|  |TAMS 0x000000070cd00000, 0x000000070cd00000| Untracked 
| 118|0x000000070ce00000, 0x000000070ce00000, 0x000000070cf00000|  0%| F|  |TAMS 0x000000070ce00000, 0x000000070ce00000| Untracked 
| 119|0x000000070cf00000, 0x000000070cf00000, 0x000000070d000000|  0%| F|  |TAMS 0x000000070cf00000, 0x000000070cf00000| Untracked 
| 120|0x000000070d000000, 0x000000070d000000, 0x000000070d100000|  0%| F|  |TAMS 0x000000070d000000, 0x000000070d000000| Untracked 
| 121|0x000000070d100000, 0x000000070d100000, 0x000000070d200000|  0%| F|  |TAMS 0x000000070d100000, 0x000000070d100000| Untracked 
| 122|0x000000070d200000, 0x000000070d200000, 0x000000070d300000|  0%| F|  |TAMS 0x000000070d200000, 0x000000070d200000| Untracked 
| 123|0x000000070d300000, 0x000000070d300000, 0x000000070d400000|  0%| F|  |TAMS 0x000000070d300000, 0x000000070d300000| Untracked 
| 124|0x000000070d400000, 0x000000070d400000, 0x000000070d500000|  0%| F|  |TAMS 0x000000070d400000, 0x000000070d400000| Untracked 
| 125|0x000000070d500000, 0x000000070d500000, 0x000000070d600000|  0%| F|  |TAMS 0x000000070d500000, 0x000000070d500000| Untracked 
| 126|0x000000070d600000, 0x000000070d600000, 0x000000070d700000|  0%| F|  |TAMS 0x000000070d600000, 0x000000070d600000| Untracked 
| 127|0x000000070d700000, 0x000000070d700000, 0x000000070d800000|  0%| F|  |TAMS 0x000000070d700000, 0x000000070d700000| Untracked 
| 128|0x000000070d800000, 0x000000070d800000, 0x000000070d900000|  0%| F|  |TAMS 0x000000070d800000, 0x000000070d800000| Untracked 
| 129|0x000000070d900000, 0x000000070d900000, 0x000000070da00000|  0%| F|  |TAMS 0x000000070d900000, 0x000000070d900000| Untracked 
| 130|0x000000070da00000, 0x000000070da00000, 0x000000070db00000|  0%| F|  |TAMS 0x000000070da00000, 0x000000070da00000| Untracked 
| 131|0x000000070db00000, 0x000000070db00000, 0x000000070dc00000|  0%| F|  |TAMS 0x000000070db00000, 0x000000070db00000| Untracked 
| 132|0x000000070dc00000, 0x000000070dc00000, 0x000000070dd00000|  0%| F|  |TAMS 0x000000070dc00000, 0x000000070dc00000| Untracked 
| 133|0x000000070dd00000, 0x000000070dd00000, 0x000000070de00000|  0%| F|  |TAMS 0x000000070dd00000, 0x000000070dd00000| Untracked 
| 134|0x000000070de00000, 0x000000070de00000, 0x000000070df00000|  0%| F|  |TAMS 0x000000070de00000, 0x000000070de00000| Untracked 
| 135|0x000000070df00000, 0x000000070df00000, 0x000000070e000000|  0%| F|  |TAMS 0x000000070df00000, 0x000000070df00000| Untracked 
| 136|0x000000070e000000, 0x000000070e000000, 0x000000070e100000|  0%| F|  |TAMS 0x000000070e000000, 0x000000070e000000| Untracked 
| 137|0x000000070e100000, 0x000000070e100000, 0x000000070e200000|  0%| F|  |TAMS 0x000000070e100000, 0x000000070e100000| Untracked 
| 138|0x000000070e200000, 0x000000070e200000, 0x000000070e300000|  0%| F|  |TAMS 0x000000070e200000, 0x000000070e200000| Untracked 
| 139|0x000000070e300000, 0x000000070e300000, 0x000000070e400000|  0%| F|  |TAMS 0x000000070e300000, 0x000000070e300000| Untracked 
| 140|0x000000070e400000, 0x000000070e400000, 0x000000070e500000|  0%| F|  |TAMS 0x000000070e400000, 0x000000070e400000| Untracked 
| 141|0x000000070e500000, 0x000000070e500000, 0x000000070e600000|  0%| F|  |TAMS 0x000000070e500000, 0x000000070e500000| Untracked 
| 142|0x000000070e600000, 0x000000070e600000, 0x000000070e700000|  0%| F|  |TAMS 0x000000070e600000, 0x000000070e600000| Untracked 
| 143|0x000000070e700000, 0x000000070e700000, 0x000000070e800000|  0%| F|  |TAMS 0x000000070e700000, 0x000000070e700000| Untracked 
| 144|0x000000070e800000, 0x000000070e800000, 0x000000070e900000|  0%| F|  |TAMS 0x000000070e800000, 0x000000070e800000| Untracked 
| 145|0x000000070e900000, 0x000000070e900000, 0x000000070ea00000|  0%| F|  |TAMS 0x000000070e900000, 0x000000070e900000| Untracked 
| 146|0x000000070ea00000, 0x000000070ea00000, 0x000000070eb00000|  0%| F|  |TAMS 0x000000070ea00000, 0x000000070ea00000| Untracked 
| 147|0x000000070eb00000, 0x000000070eb00000, 0x000000070ec00000|  0%| F|  |TAMS 0x000000070eb00000, 0x000000070eb00000| Untracked 
| 148|0x000000070ec00000, 0x000000070ec00000, 0x000000070ed00000|  0%| F|  |TAMS 0x000000070ec00000, 0x000000070ec00000| Untracked 
| 149|0x000000070ed00000, 0x000000070ed00000, 0x000000070ee00000|  0%| F|  |TAMS 0x000000070ed00000, 0x000000070ed00000| Untracked 
| 150|0x000000070ee00000, 0x000000070ee00000, 0x000000070ef00000|  0%| F|  |TAMS 0x000000070ee00000, 0x000000070ee00000| Untracked 
| 151|0x000000070ef00000, 0x000000070ef00000, 0x000000070f000000|  0%| F|  |TAMS 0x000000070ef00000, 0x000000070ef00000| Untracked 
| 152|0x000000070f000000, 0x000000070f000000, 0x000000070f100000|  0%| F|  |TAMS 0x000000070f000000, 0x000000070f000000| Untracked 
| 153|0x000000070f100000, 0x000000070f100000, 0x000000070f200000|  0%| F|  |TAMS 0x000000070f100000, 0x000000070f100000| Untracked 
| 154|0x000000070f200000, 0x000000070f200000, 0x000000070f300000|  0%| F|  |TAMS 0x000000070f200000, 0x000000070f200000| Untracked 
| 155|0x000000070f300000, 0x000000070f300000, 0x000000070f400000|  0%| F|  |TAMS 0x000000070f300000, 0x000000070f300000| Untracked 
| 156|0x000000070f400000, 0x000000070f400000, 0x000000070f500000|  0%| F|  |TAMS 0x000000070f400000, 0x000000070f400000| Untracked 
| 157|0x000000070f500000, 0x000000070f500000, 0x000000070f600000|  0%| F|  |TAMS 0x000000070f500000, 0x000000070f500000| Untracked 
| 158|0x000000070f600000, 0x000000070f600000, 0x000000070f700000|  0%| F|  |TAMS 0x000000070f600000, 0x000000070f600000| Untracked 
| 159|0x000000070f700000, 0x000000070f700000, 0x000000070f800000|  0%| F|  |TAMS 0x000000070f700000, 0x000000070f700000| Untracked 
| 160|0x000000070f800000, 0x000000070f800000, 0x000000070f900000|  0%| F|  |TAMS 0x000000070f800000, 0x000000070f800000| Untracked 
| 161|0x000000070f900000, 0x000000070f900000, 0x000000070fa00000|  0%| F|  |TAMS 0x000000070f900000, 0x000000070f900000| Untracked 
| 162|0x000000070fa00000, 0x000000070fa00000, 0x000000070fb00000|  0%| F|  |TAMS 0x000000070fa00000, 0x000000070fa00000| Untracked 
| 163|0x000000070fb00000, 0x000000070fb00000, 0x000000070fc00000|  0%| F|  |TAMS 0x000000070fb00000, 0x000000070fb00000| Untracked 
| 164|0x000000070fc00000, 0x000000070fc00000, 0x000000070fd00000|  0%| F|  |TAMS 0x000000070fc00000, 0x000000070fc00000| Untracked 
| 165|0x000000070fd00000, 0x000000070fd00000, 0x000000070fe00000|  0%| F|  |TAMS 0x000000070fd00000, 0x000000070fd00000| Untracked 
| 166|0x000000070fe00000, 0x000000070fe00000, 0x000000070ff00000|  0%| F|  |TAMS 0x000000070fe00000, 0x000000070fe00000| Untracked 
| 167|0x000000070ff00000, 0x000000070ff00000, 0x0000000710000000|  0%| F|  |TAMS 0x000000070ff00000, 0x000000070ff00000| Untracked 
| 168|0x0000000710000000, 0x0000000710000000, 0x0000000710100000|  0%| F|  |TAMS 0x0000000710000000, 0x0000000710000000| Untracked 
| 169|0x0000000710100000, 0x0000000710100000, 0x0000000710200000|  0%| F|  |TAMS 0x0000000710100000, 0x0000000710100000| Untracked 
| 170|0x0000000710200000, 0x0000000710200000, 0x0000000710300000|  0%| F|  |TAMS 0x0000000710200000, 0x0000000710200000| Untracked 
| 171|0x0000000710300000, 0x0000000710300000, 0x0000000710400000|  0%| F|  |TAMS 0x0000000710300000, 0x0000000710300000| Untracked 
| 172|0x0000000710400000, 0x0000000710400000, 0x0000000710500000|  0%| F|  |TAMS 0x0000000710400000, 0x0000000710400000| Untracked 
| 173|0x0000000710500000, 0x0000000710500000, 0x0000000710600000|  0%| F|  |TAMS 0x0000000710500000, 0x0000000710500000| Untracked 
| 174|0x0000000710600000, 0x0000000710600000, 0x0000000710700000|  0%| F|  |TAMS 0x0000000710600000, 0x0000000710600000| Untracked 
| 175|0x0000000710700000, 0x0000000710700000, 0x0000000710800000|  0%| F|  |TAMS 0x0000000710700000, 0x0000000710700000| Untracked 
| 176|0x0000000710800000, 0x0000000710800000, 0x0000000710900000|  0%| F|  |TAMS 0x0000000710800000, 0x0000000710800000| Untracked 
| 177|0x0000000710900000, 0x0000000710900000, 0x0000000710a00000|  0%| F|  |TAMS 0x0000000710900000, 0x0000000710900000| Untracked 
| 178|0x0000000710a00000, 0x0000000710a00000, 0x0000000710b00000|  0%| F|  |TAMS 0x0000000710a00000, 0x0000000710a00000| Untracked 
| 179|0x0000000710b00000, 0x0000000710b00000, 0x0000000710c00000|  0%| F|  |TAMS 0x0000000710b00000, 0x0000000710b00000| Untracked 
| 180|0x0000000710c00000, 0x0000000710c00000, 0x0000000710d00000|  0%| F|  |TAMS 0x0000000710c00000, 0x0000000710c00000| Untracked 
| 181|0x0000000710d00000, 0x0000000710d00000, 0x0000000710e00000|  0%| F|  |TAMS 0x0000000710d00000, 0x0000000710d00000| Untracked 
| 182|0x0000000710e00000, 0x0000000710e00000, 0x0000000710f00000|  0%| F|  |TAMS 0x0000000710e00000, 0x0000000710e00000| Untracked 
| 183|0x0000000710f00000, 0x0000000710f00000, 0x0000000711000000|  0%| F|  |TAMS 0x0000000710f00000, 0x0000000710f00000| Untracked 
| 184|0x0000000711000000, 0x0000000711000000, 0x0000000711100000|  0%| F|  |TAMS 0x0000000711000000, 0x0000000711000000| Untracked 
| 185|0x0000000711100000, 0x0000000711100000, 0x0000000711200000|  0%| F|  |TAMS 0x0000000711100000, 0x0000000711100000| Untracked 
| 186|0x0000000711200000, 0x0000000711200000, 0x0000000711300000|  0%| F|  |TAMS 0x0000000711200000, 0x0000000711200000| Untracked 
| 187|0x0000000711300000, 0x0000000711300000, 0x0000000711400000|  0%| F|  |TAMS 0x0000000711300000, 0x0000000711300000| Untracked 
| 188|0x0000000711400000, 0x0000000711400000, 0x0000000711500000|  0%| F|  |TAMS 0x0000000711400000, 0x0000000711400000| Untracked 
| 189|0x0000000711500000, 0x0000000711500000, 0x0000000711600000|  0%| F|  |TAMS 0x0000000711500000, 0x0000000711500000| Untracked 
| 190|0x0000000711600000, 0x0000000711600000, 0x0000000711700000|  0%| F|  |TAMS 0x0000000711600000, 0x0000000711600000| Untracked 
| 191|0x0000000711700000, 0x0000000711700000, 0x0000000711800000|  0%| F|  |TAMS 0x0000000711700000, 0x0000000711700000| Untracked 
| 192|0x0000000711800000, 0x0000000711800000, 0x0000000711900000|  0%| F|  |TAMS 0x0000000711800000, 0x0000000711800000| Untracked 
| 193|0x0000000711900000, 0x0000000711900000, 0x0000000711a00000|  0%| F|  |TAMS 0x0000000711900000, 0x0000000711900000| Untracked 
| 194|0x0000000711a00000, 0x0000000711a00000, 0x0000000711b00000|  0%| F|  |TAMS 0x0000000711a00000, 0x0000000711a00000| Untracked 
| 195|0x0000000711b00000, 0x0000000711b00000, 0x0000000711c00000|  0%| F|  |TAMS 0x0000000711b00000, 0x0000000711b00000| Untracked 
| 196|0x0000000711c00000, 0x0000000711c00000, 0x0000000711d00000|  0%| F|  |TAMS 0x0000000711c00000, 0x0000000711c00000| Untracked 
| 197|0x0000000711d00000, 0x0000000711d00000, 0x0000000711e00000|  0%| F|  |TAMS 0x0000000711d00000, 0x0000000711d00000| Untracked 
| 198|0x0000000711e00000, 0x0000000711e00000, 0x0000000711f00000|  0%| F|  |TAMS 0x0000000711e00000, 0x0000000711e00000| Untracked 
| 199|0x0000000711f00000, 0x0000000711f00000, 0x0000000712000000|  0%| F|  |TAMS 0x0000000711f00000, 0x0000000711f00000| Untracked 
| 200|0x0000000712000000, 0x0000000712000000, 0x0000000712100000|  0%| F|  |TAMS 0x0000000712000000, 0x0000000712000000| Untracked 
| 201|0x0000000712100000, 0x0000000712100000, 0x0000000712200000|  0%| F|  |TAMS 0x0000000712100000, 0x0000000712100000| Untracked 
| 202|0x0000000712200000, 0x0000000712200000, 0x0000000712300000|  0%| F|  |TAMS 0x0000000712200000, 0x0000000712200000| Untracked 
| 203|0x0000000712300000, 0x0000000712300000, 0x0000000712400000|  0%| F|  |TAMS 0x0000000712300000, 0x0000000712300000| Untracked 
| 204|0x0000000712400000, 0x0000000712400000, 0x0000000712500000|  0%| F|  |TAMS 0x0000000712400000, 0x0000000712400000| Untracked 
| 205|0x0000000712500000, 0x0000000712500000, 0x0000000712600000|  0%| F|  |TAMS 0x0000000712500000, 0x0000000712500000| Untracked 
| 206|0x0000000712600000, 0x0000000712600000, 0x0000000712700000|  0%| F|  |TAMS 0x0000000712600000, 0x0000000712600000| Untracked 
| 207|0x0000000712700000, 0x0000000712700000, 0x0000000712800000|  0%| F|  |TAMS 0x0000000712700000, 0x0000000712700000| Untracked 
| 208|0x0000000712800000, 0x0000000712800000, 0x0000000712900000|  0%| F|  |TAMS 0x0000000712800000, 0x0000000712800000| Untracked 
| 209|0x0000000712900000, 0x0000000712900000, 0x0000000712a00000|  0%| F|  |TAMS 0x0000000712900000, 0x0000000712900000| Untracked 
| 210|0x0000000712a00000, 0x0000000712a00000, 0x0000000712b00000|  0%| F|  |TAMS 0x0000000712a00000, 0x0000000712a00000| Untracked 
| 211|0x0000000712b00000, 0x0000000712b00000, 0x0000000712c00000|  0%| F|  |TAMS 0x0000000712b00000, 0x0000000712b00000| Untracked 
| 212|0x0000000712c00000, 0x0000000712c00000, 0x0000000712d00000|  0%| F|  |TAMS 0x0000000712c00000, 0x0000000712c00000| Untracked 
| 213|0x0000000712d00000, 0x0000000712d00000, 0x0000000712e00000|  0%| F|  |TAMS 0x0000000712d00000, 0x0000000712d00000| Untracked 
| 214|0x0000000712e00000, 0x0000000712e00000, 0x0000000712f00000|  0%| F|  |TAMS 0x0000000712e00000, 0x0000000712e00000| Untracked 
| 215|0x0000000712f00000, 0x0000000712f00000, 0x0000000713000000|  0%| F|  |TAMS 0x0000000712f00000, 0x0000000712f00000| Untracked 
| 216|0x0000000713000000, 0x0000000713000000, 0x0000000713100000|  0%| F|  |TAMS 0x0000000713000000, 0x0000000713000000| Untracked 
| 217|0x0000000713100000, 0x0000000713100000, 0x0000000713200000|  0%| F|  |TAMS 0x0000000713100000, 0x0000000713100000| Untracked 
| 218|0x0000000713200000, 0x0000000713200000, 0x0000000713300000|  0%| F|  |TAMS 0x0000000713200000, 0x0000000713200000| Untracked 
| 219|0x0000000713300000, 0x0000000713300000, 0x0000000713400000|  0%| F|  |TAMS 0x0000000713300000, 0x0000000713300000| Untracked 
| 220|0x0000000713400000, 0x0000000713400000, 0x0000000713500000|  0%| F|  |TAMS 0x0000000713400000, 0x0000000713400000| Untracked 
| 221|0x0000000713500000, 0x0000000713500000, 0x0000000713600000|  0%| F|  |TAMS 0x0000000713500000, 0x0000000713500000| Untracked 
| 222|0x0000000713600000, 0x0000000713600000, 0x0000000713700000|  0%| F|  |TAMS 0x0000000713600000, 0x0000000713600000| Untracked 
| 223|0x0000000713700000, 0x0000000713700000, 0x0000000713800000|  0%| F|  |TAMS 0x0000000713700000, 0x0000000713700000| Untracked 
| 224|0x0000000713800000, 0x0000000713800000, 0x0000000713900000|  0%| F|  |TAMS 0x0000000713800000, 0x0000000713800000| Untracked 
| 225|0x0000000713900000, 0x0000000713900000, 0x0000000713a00000|  0%| F|  |TAMS 0x0000000713900000, 0x0000000713900000| Untracked 
| 226|0x0000000713a00000, 0x0000000713a00000, 0x0000000713b00000|  0%| F|  |TAMS 0x0000000713a00000, 0x0000000713a00000| Untracked 
| 227|0x0000000713b00000, 0x0000000713b00000, 0x0000000713c00000|  0%| F|  |TAMS 0x0000000713b00000, 0x0000000713b00000| Untracked 
| 228|0x0000000713c00000, 0x0000000713c00000, 0x0000000713d00000|  0%| F|  |TAMS 0x0000000713c00000, 0x0000000713c00000| Untracked 
| 229|0x0000000713d00000, 0x0000000713d00000, 0x0000000713e00000|  0%| F|  |TAMS 0x0000000713d00000, 0x0000000713d00000| Untracked 
| 230|0x0000000713e00000, 0x0000000713e00000, 0x0000000713f00000|  0%| F|  |TAMS 0x0000000713e00000, 0x0000000713e00000| Untracked 
| 231|0x0000000713f00000, 0x0000000713f00000, 0x0000000714000000|  0%| F|  |TAMS 0x0000000713f00000, 0x0000000713f00000| Untracked 
| 232|0x0000000714000000, 0x0000000714000000, 0x0000000714100000|  0%| F|  |TAMS 0x0000000714000000, 0x0000000714000000| Untracked 
| 233|0x0000000714100000, 0x0000000714100000, 0x0000000714200000|  0%| F|  |TAMS 0x0000000714100000, 0x0000000714100000| Untracked 
| 234|0x0000000714200000, 0x0000000714200000, 0x0000000714300000|  0%| F|  |TAMS 0x0000000714200000, 0x0000000714200000| Untracked 
| 235|0x0000000714300000, 0x0000000714300000, 0x0000000714400000|  0%| F|  |TAMS 0x0000000714300000, 0x0000000714300000| Untracked 
| 236|0x0000000714400000, 0x0000000714400000, 0x0000000714500000|  0%| F|  |TAMS 0x0000000714400000, 0x0000000714400000| Untracked 
| 237|0x0000000714500000, 0x0000000714500000, 0x0000000714600000|  0%| F|  |TAMS 0x0000000714500000, 0x0000000714500000| Untracked 
| 238|0x0000000714600000, 0x0000000714600000, 0x0000000714700000|  0%| F|  |TAMS 0x0000000714600000, 0x0000000714600000| Untracked 
| 239|0x0000000714700000, 0x0000000714700000, 0x0000000714800000|  0%| F|  |TAMS 0x0000000714700000, 0x0000000714700000| Untracked 
| 240|0x0000000714800000, 0x0000000714800000, 0x0000000714900000|  0%| F|  |TAMS 0x0000000714800000, 0x0000000714800000| Untracked 
| 241|0x0000000714900000, 0x0000000714900000, 0x0000000714a00000|  0%| F|  |TAMS 0x0000000714900000, 0x0000000714900000| Untracked 
| 242|0x0000000714a00000, 0x0000000714a00000, 0x0000000714b00000|  0%| F|  |TAMS 0x0000000714a00000, 0x0000000714a00000| Untracked 
| 243|0x0000000714b00000, 0x0000000714b00000, 0x0000000714c00000|  0%| F|  |TAMS 0x0000000714b00000, 0x0000000714b00000| Untracked 
| 244|0x0000000714c00000, 0x0000000714cfb6e0, 0x0000000714d00000| 98%| E|  |TAMS 0x0000000714c00000, 0x0000000714c00000| Complete 
| 245|0x0000000714d00000, 0x0000000714e00000, 0x0000000714e00000|100%| E|CS|TAMS 0x0000000714d00000, 0x0000000714d00000| Complete 
| 246|0x0000000714e00000, 0x0000000714f00000, 0x0000000714f00000|100%| E|CS|TAMS 0x0000000714e00000, 0x0000000714e00000| Complete 
| 247|0x0000000714f00000, 0x0000000715000000, 0x0000000715000000|100%| E|CS|TAMS 0x0000000714f00000, 0x0000000714f00000| Complete 
| 248|0x0000000715000000, 0x0000000715100000, 0x0000000715100000|100%| E|CS|TAMS 0x0000000715000000, 0x0000000715000000| Complete 
| 249|0x0000000715100000, 0x0000000715200000, 0x0000000715200000|100%| E|CS|TAMS 0x0000000715100000, 0x0000000715100000| Complete 
| 250|0x0000000715200000, 0x0000000715300000, 0x0000000715300000|100%| E|CS|TAMS 0x0000000715200000, 0x0000000715200000| Complete 
| 251|0x0000000715300000, 0x0000000715400000, 0x0000000715400000|100%| E|CS|TAMS 0x0000000715300000, 0x0000000715300000| Complete 

Card table byte_map: [0x000001f1ce700000,0x000001f1ceee0000] _byte_map_base: 0x000001f1caed4000

Marking Bits (Prev, Next): (CMBitMap*) 0x000001f1b66311e8, (CMBitMap*) 0x000001f1b6631228
 Prev Bits: [0x000001f1cf6c0000, 0x000001f1d3560000)
 Next Bits: [0x000001f1d3560000, 0x000001f1d7400000)

Polling page: 0x000001f1b4520000

Metaspace:

Usage:
  Non-class:      4.62 MB capacity,     2.12 MB ( 46%) used,     2.50 MB ( 54%) free+waste,     3.56 KB ( <1%) overhead. 
      Class:    515.00 KB capacity,   241.90 KB ( 47%) used,   270.98 KB ( 53%) free+waste,     2.13 KB ( <1%) overhead. 
       Both:      5.13 MB capacity,     2.35 MB ( 46%) used,     2.77 MB ( 54%) free+waste,     5.69 KB ( <1%) overhead. 

Virtual space:
  Non-class space:        8.00 MB reserved,       4.75 MB ( 59%) committed 
      Class space:        1.00 GB reserved,     640.00 KB ( <1%) committed 
             Both:        1.01 GB reserved,       5.38 MB ( <1%) committed 

Chunk freelists:
   Non-Class:  256 bytes
       Class:  0 bytes
        Both:  256 bytes

CodeHeap 'non-profiled nmethods': size=120000Kb used=169Kb max_used=169Kb free=119830Kb
 bounds [0x000001f1c64a0000, 0x000001f1c6710000, 0x000001f1cd9d0000]
CodeHeap 'profiled nmethods': size=120000Kb used=855Kb max_used=855Kb free=119144Kb
 bounds [0x000001f1bef70000, 0x000001f1bf1e0000, 0x000001f1c64a0000]
CodeHeap 'non-nmethods': size=5760Kb used=1113Kb max_used=1126Kb free=4646Kb
 bounds [0x000001f1be9d0000, 0x000001f1bec40000, 0x000001f1bef70000]
 total_blobs=1065 nmethods=522 adapters=308
 compilation: enabled
              stopped_count=0, restarted_count=0
 full_count=0

Compilation events (10 events):
Event: 7.636 Thread 0x000001f1daa34000 nmethod 520 0x000001f1bf043b90 code [0x000001f1bf043da0, 0x000001f1bf044290]
Event: 7.636 Thread 0x000001f1daa34000  517       1       java.lang.ClassLoaderHelper::mapAlternativeName (2 bytes)
Event: 7.636 Thread 0x000001f1daa34000 nmethod 517 0x000001f1c64c9a10 code [0x000001f1c64c9bc0, 0x000001f1c64c9cb8]
Event: 7.636 Thread 0x000001f1daa34000  514       3       java.nio.ByteBuffer::position (8 bytes)
Event: 7.636 Thread 0x000001f1daa34000 nmethod 514 0x000001f1bf044410 code [0x000001f1bf0445e0, 0x000001f1bf0447b0]
Event: 7.636 Thread 0x000001f1daa34000  515       3       java.security.CodeSource::getCertificates (98 bytes)
Event: 7.636 Thread 0x000001f1daa34000 nmethod 515 0x000001f1bf044890 code [0x000001f1bf044b20, 0x000001f1bf045820]
Event: 7.640 Thread 0x000001f1da1ab800 nmethod 521 0x000001f1c64c9d10 code [0x000001f1c64c9ec0, 0x000001f1c64ca358]
Event: 7.774 Thread 0x000001f1daa34000  522       3       jdk.internal.ref.CleanerFactory::cleaner (4 bytes)
Event: 7.774 Thread 0x000001f1daa34000 nmethod 522 0x000001f1bf045b10 code [0x000001f1bf045cc0, 0x000001f1bf045e18]

GC Heap History (0 events):
No events

Deoptimization events (6 events):
Event: 0.090 Thread 0x000001f1b65cc000 Uncommon trap: reason=unstable_if action=reinterpret pc=0x000001f1c64a9b08 method=java.lang.String.isLatin1()Z @ 10 c2
Event: 0.119 Thread 0x000001f1b65cc000 Uncommon trap: reason=class_check action=maybe_recompile pc=0x000001f1c64ada2c method=java.util.HashMap.putVal(ILjava/lang/Object;Ljava/lang/Object;ZZ)Ljava/lang/Object; @ 152 c2
Event: 0.124 Thread 0x000001f1b65cc000 Uncommon trap: reason=unstable_if action=reinterpret pc=0x000001f1c64a51a4 method=java.lang.String.isLatin1()Z @ 10 c2
Event: 0.130 Thread 0x000001f1b65cc000 Uncommon trap: reason=class_check action=maybe_recompile pc=0x000001f1c64ada2c method=java.util.HashMap.putVal(ILjava/lang/Object;Ljava/lang/Object;ZZ)Ljava/lang/Object; @ 152 c2
Event: 1.570 Thread 0x000001f1da1a8800 Uncommon trap: reason=class_check action=maybe_recompile pc=0x000001f1c64ada2c method=java.util.HashMap.putVal(ILjava/lang/Object;Ljava/lang/Object;ZZ)Ljava/lang/Object; @ 152 c2
Event: 1.570 Thread 0x000001f1da1a8800 Uncommon trap: reason=class_check action=maybe_recompile pc=0x000001f1c64ada2c method=java.util.HashMap.putVal(ILjava/lang/Object;Ljava/lang/Object;ZZ)Ljava/lang/Object; @ 152 c2

Classes redefined (0 events):
No events

Internal exceptions (0 events):
No events

Events (10 events):
Event: 7.635 loading class com/mathworks/mvm/exec/MatlabIIPType
Event: 7.635 loading class com/mathworks/mvm/exec/MatlabIIPType done
Event: 7.635 Thread 0x000001f1db1dc000 DEOPT PACKING pc=0x000001f1befbde7f sp=0x0000000f196fc430
Event: 7.635 Thread 0x000001f1db1dc000 DEOPT UNPACKING pc=0x000001f1be9fb1de sp=0x0000000f196fb880 mode 0
Event: 7.773 Executing VM operation: RevokeBias
Event: 7.773 Executing VM operation: RevokeBias done
Event: 7.773 loading class com/mathworks/engine/Utility
Event: 7.773 loading class com/mathworks/engine/Utility done
Event: 7.774 Executing VM operation: RevokeBias
Event: 7.774 Executing VM operation: RevokeBias done


Dynamic libraries:
0x00007ff66bac0000 - 0x00007ff66bacf000 	C:\Program Files\Java\jdk-12.0.2\bin\java.exe
0x00007fffc6280000 - 0x00007fffc6470000 	C:\windows\SYSTEM32\ntdll.dll
0x00007fffc5ad0000 - 0x00007fffc5b83000 	C:\windows\System32\KERNEL32.DLL
0x00007fffc3370000 - 0x00007fffc3616000 	C:\windows\System32\KERNELBASE.dll
0x00007fffc3240000 - 0x00007fffc333a000 	C:\windows\System32\ucrtbase.dll
0x00007fffa8160000 - 0x00007fffa8176000 	C:\Program Files\Java\jdk-12.0.2\bin\VCRUNTIME140.dll
0x00007fffa8180000 - 0x00007fffa8198000 	C:\Program Files\Java\jdk-12.0.2\bin\jli.dll
0x00007fffc57b0000 - 0x00007fffc5853000 	C:\windows\System32\ADVAPI32.dll
0x00007fffc5200000 - 0x00007fffc529e000 	C:\windows\System32\msvcrt.dll
0x00007fffc5060000 - 0x00007fffc50f7000 	C:\windows\System32\sechost.dll
0x00007fffc5580000 - 0x00007fffc569f000 	C:\windows\System32\RPCRT4.dll
0x00007fffc53e0000 - 0x00007fffc5574000 	C:\windows\System32\USER32.dll
0x00007fffba7d0000 - 0x00007fffbaa54000 	C:\windows\WinSxS\amd64_microsoft.windows.common-controls_6595b64144ccf1df_6.0.18362.1801_none_9e79a739e46243f0\COMCTL32.dll
0x00007fffc3340000 - 0x00007fffc3361000 	C:\windows\System32\win32u.dll
0x00007fffc5100000 - 0x00007fffc5126000 	C:\windows\System32\GDI32.dll
0x00007fffc4320000 - 0x00007fffc4656000 	C:\windows\System32\combase.dll
0x00007fffc4080000 - 0x00007fffc4218000 	C:\windows\System32\gdi32full.dll
0x00007fffc3df0000 - 0x00007fffc3e74000 	C:\windows\System32\bcryptPrimitives.dll
0x00007fffc4220000 - 0x00007fffc42be000 	C:\windows\System32\msvcp_win.dll
0x00007fffc2280000 - 0x00007fffc228a000 	C:\windows\SYSTEM32\VERSION.dll
0x00007fffc5a80000 - 0x00007fffc5aae000 	C:\windows\System32\IMM32.DLL
0x00007fff9d250000 - 0x00007fff9d2fa000 	C:\Program Files\Java\jdk-12.0.2\bin\msvcp140.dll
0x00007fff5a420000 - 0x00007fff5af97000 	C:\Program Files\Java\jdk-12.0.2\bin\server\jvm.dll
0x00007fffc5ba0000 - 0x00007fffc5ba8000 	C:\windows\System32\PSAPI.DLL
0x00007fffb9c50000 - 0x00007fffb9c74000 	C:\windows\SYSTEM32\WINMM.dll
0x00007fffaf4b0000 - 0x00007fffaf4b9000 	C:\windows\SYSTEM32\WSOCK32.dll
0x00007fffc58e0000 - 0x00007fffc594f000 	C:\windows\System32\WS2_32.dll
0x00007fffb9a10000 - 0x00007fffb9a3d000 	C:\windows\SYSTEM32\winmmbase.dll
0x00007fffc31f0000 - 0x00007fffc323a000 	C:\windows\System32\cfgmgr32.dll
0x00007fffc3140000 - 0x00007fffc3151000 	C:\windows\System32\kernel.appcore.dll
0x00007fffa7f00000 - 0x00007fffa7f11000 	C:\Program Files\Java\jdk-12.0.2\bin\verify.dll
0x00007fffbdb20000 - 0x00007fffbdd14000 	C:\windows\SYSTEM32\DBGHELP.DLL
0x00007fffbdac0000 - 0x00007fffbdaea000 	C:\windows\SYSTEM32\dbgcore.DLL
0x00007fffa7010000 - 0x00007fffa7036000 	C:\Program Files\Java\jdk-12.0.2\bin\java.dll
0x00007fffa8150000 - 0x00007fffa815e000 	C:\Program Files\Java\jdk-12.0.2\bin\instrument.dll
0x00007fffa6f10000 - 0x00007fffa6f27000 	C:\Program Files\Java\jdk-12.0.2\bin\zip.dll
0x00007fffba490000 - 0x00007fffba49a000 	C:\Program Files\Java\jdk-12.0.2\bin\jimage.dll
0x00007fffc46f0000 - 0x00007fffc4dd7000 	C:\windows\System32\SHELL32.dll
0x00007fffc56a0000 - 0x00007fffc5749000 	C:\windows\System32\shcore.dll
0x00007fffc3670000 - 0x00007fffc3deb000 	C:\windows\System32\windows.storage.dll
0x00007fffc31d0000 - 0x00007fffc31ee000 	C:\windows\System32\profapi.dll
0x00007fffc3160000 - 0x00007fffc31aa000 	C:\windows\System32\powrprof.dll
0x00007fffc3130000 - 0x00007fffc3140000 	C:\windows\System32\UMPDC.dll
0x00007fffc5950000 - 0x00007fffc59a2000 	C:\windows\System32\shlwapi.dll
0x00007fffc3620000 - 0x00007fffc3637000 	C:\windows\System32\cryptsp.dll
0x00007fffa6ef0000 - 0x00007fffa6f09000 	C:\Program Files\Java\jdk-12.0.2\bin\net.dll
0x00007fffbd030000 - 0x00007fffbd129000 	C:\windows\SYSTEM32\WINHTTP.dll
0x00007fffbad60000 - 0x00007fffbaf35000 	C:\windows\SYSTEM32\urlmon.dll
0x00007fffba520000 - 0x00007fffba7c7000 	C:\windows\SYSTEM32\iertutil.dll
0x00007fffba310000 - 0x00007fffba336000 	C:\windows\SYSTEM32\srvcli.dll
0x00007fffc2790000 - 0x00007fffc279c000 	C:\windows\SYSTEM32\netutils.dll
0x00007fffc2b40000 - 0x00007fffc2b4c000 	C:\windows\SYSTEM32\CRYPTBASE.DLL
0x00007fffc2970000 - 0x00007fffc29d7000 	C:\windows\system32\mswsock.dll
0x00007fffa6e10000 - 0x00007fffa6e23000 	C:\Program Files\Java\jdk-12.0.2\bin\nio.dll
0x00007fffa6df0000 - 0x00007fffa6e0a000 	C:\Program Files\JetBrains\IntelliJ IDEA Community Edition 2019.2.3\bin\breakgen64.dll
0x00007fff86ba0000 - 0x00007fff86cea000 	C:\Program Files\MATLAB\R2020a\bin\win64\nativemvm.dll
0x00007fff7b9c0000 - 0x00007fff7bc56000 	C:\Program Files\MATLAB\R2020a\bin\win64\libmwfl.dll
0x00007fff7b3b0000 - 0x00007fff7b70d000 	C:\Program Files\MATLAB\R2020a\bin\win64\libmwms.dll
0x00007fff9b870000 - 0x00007fff9b8b0000 	C:\Program Files\MATLAB\R2020a\bin\win64\libmwmsr.dll
0x00007fffc3640000 - 0x00007fffc3666000 	C:\windows\System32\bcrypt.dll
0x00007fff9b790000 - 0x00007fff9b867000 	C:\Program Files\MATLAB\R2020a\bin\win64\libut.dll
0x00007fffc4de0000 - 0x00007fffc4f37000 	C:\windows\System32\ole32.dll
0x00007fffc5130000 - 0x00007fffc51f5000 	C:\windows\System32\OLEAUT32.dll
0x00007fff793c0000 - 0x00007fff79868000 	C:\Program Files\MATLAB\R2020a\bin\win64\libmwservices.dll
0x00007fff7d2b0000 - 0x00007fff7d440000 	C:\Program Files\MATLAB\R2020a\bin\win64\libmx.dll
0x00007fff59bd0000 - 0x00007fff5a417000 	C:\Program Files\MATLAB\R2020a\bin\win64\mlutil.dll
0x00007fff597c0000 - 0x00007fff59bcf000 	C:\Program Files\MATLAB\R2020a\bin\win64\mvm.dll
0x00007fff7b7b0000 - 0x00007fff7b9b7000 	C:\Program Files\MATLAB\R2020a\bin\win64\jmi.dll
0x00007fff79aa0000 - 0x00007fff79ca1000 	C:\Program Files\MATLAB\R2020a\bin\win64\libmwi18n.dll
0x00007fff987f0000 - 0x00007fff9882c000 	C:\Program Files\MATLAB\R2020a\bin\win64\libmwfoundation_usm.dll
0x00007fff79200000 - 0x00007fff793b8000 	C:\Program Files\MATLAB\R2020a\bin\win64\libmwfoundation_matlabdata.dll
0x00007fffa6d80000 - 0x00007fffa6d92000 	C:\Program Files\MATLAB\R2020a\bin\win64\libmwcapabilities.dll
0x00007fff98190000 - 0x00007fff9827e000 	C:\Program Files\MATLAB\R2020a\bin\win64\libmwfoundation_matlabdata_standalone.dll
0x00007fff9f960000 - 0x00007fff9f978000 	C:\Program Files\MATLAB\R2020a\bin\win64\libmwcpp11compat.dll
0x00007fff7d1f0000 - 0x00007fff7d2a1000 	C:\Program Files\MATLAB\R2020a\bin\win64\mwboost_log-vc141-mt-x64-1_70.dll
0x00007fffa80d0000 - 0x00007fffa80d9000 	C:\Program Files\MATLAB\R2020a\bin\win64\libmwresource_core.dll
0x00007fff9d790000 - 0x00007fff9d7ad000 	C:\Program Files\MATLAB\R2020a\bin\win64\mwboost_thread-vc141-mt-x64-1_70.dll
0x00007fff97840000 - 0x00007fff97884000 	C:\Program Files\MATLAB\R2020a\bin\win64\tbb.dll
0x00007fff9d230000 - 0x00007fff9d242000 	C:\Program Files\MATLAB\R2020a\bin\win64\mwboost_date_time-vc141-mt-x64-1_70.dll
0x00007fff9cfa0000 - 0x00007fff9cfc0000 	C:\Program Files\MATLAB\R2020a\bin\win64\mwboost_filesystem-vc141-mt-x64-1_70.dll
0x00007fff87f00000 - 0x00007fff87f40000 	C:\Program Files\MATLAB\R2020a\bin\win64\mwboost_serialization-vc141-mt-x64-1_70.dll
0x00007fffa7ec0000 - 0x00007fffa7ece000 	C:\Program Files\MATLAB\R2020a\bin\win64\libmwflstrings.dll
0x00000000616a0000 - 0x00000000616b1000 	C:\Program Files\MATLAB\R2020a\bin\win64\icuio64.dll
0x00000000616c0000 - 0x0000000061851000 	C:\Program Files\MATLAB\R2020a\bin\win64\icuuc64.dll
0x00007fff87470000 - 0x00007fff874e9000 	C:\Program Files\MATLAB\R2020a\bin\win64\libmwcppmicroservices.dll
0x00007fff87e90000 - 0x00007fff87ef1000 	C:\Program Files\MATLAB\R2020a\bin\win64\libmwlivecode.dll
0x00007fffc42c0000 - 0x00007fffc431c000 	C:\windows\System32\WINTRUST.dll
0x00007fffc31b0000 - 0x00007fffc31c2000 	C:\windows\System32\MSASN1.dll
0x00007fffc3e80000 - 0x00007fffc3fca000 	C:\windows\System32\CRYPT32.dll
0x00007fff59620000 - 0x00007fff597be000 	C:\Program Files\MATLAB\R2020a\bin\win64\libmwflstoragevfs.dll
0x00007fff87c60000 - 0x00007fff87cb2000 	C:\Program Files\MATLAB\R2020a\bin\win64\libmwsearch_path_utilities.dll
0x00007fff7e260000 - 0x00007fff7e2cf000 	C:\Program Files\MATLAB\R2020a\bin\win64\libmwcwf_interface.dll
0x00007fffa7dc0000 - 0x00007fffa7dce000 	C:\Program Files\MATLAB\R2020a\bin\win64\libmwmatlabstoragesystem.dll
0x00007fff7c760000 - 0x00007fff7c873000 	C:\Program Files\MATLAB\R2020a\bin\win64\libmwflstorageprovider.dll
0x00007fffa7c70000 - 0x00007fffa7c7f000 	C:\Program Files\MATLAB\R2020a\bin\win64\libmwflstorageutility.dll
0x00007fff7c170000 - 0x00007fff7c1bb000 	C:\Program Files\MATLAB\R2020a\bin\win64\libmwrelease_info.dll
0x00007fff590f0000 - 0x00007fff5961d000 	C:\Program Files\MATLAB\R2020a\bin\win64\settingscore.dll
0x00007fff7bed0000 - 0x00007fff7bf5b000 	C:\Program Files\MATLAB\R2020a\bin\win64\opccore.dll
0x00007fff58f30000 - 0x00007fff590e6000 	C:\Program Files\MATLAB\R2020a\bin\win64\opcmodel.dll
0x00007fff86ae0000 - 0x00007fff86b1b000 	C:\Program Files\MATLAB\R2020a\bin\win64\opczippackage.dll
0x00007fff7e220000 - 0x00007fff7e25f000 	C:\Program Files\MATLAB\R2020a\bin\win64\string_matrix.dll
0x00007fff99d90000 - 0x00007fff99da8000 	C:\Program Files\MATLAB\R2020a\bin\win64\mwboost_iostreams-vc141-mt-x64-1_70.dll
0x00007fff78e90000 - 0x00007fff78f88000 	C:\Program Files\MATLAB\R2020a\bin\win64\mwboost_regex-vc141-mt-x64-1_70.dll
0x000000005fb00000 - 0x000000005fd5d000 	C:\Program Files\MATLAB\R2020a\bin\win64\icuin64.dll
0x0000000180000000 - 0x0000000180121000 	C:\Program Files\MATLAB\R2020a\bin\win64\CppMicroServices3.dll
0x00007fff7b770000 - 0x00007fff7b7a7000 	C:\Program Files\MATLAB\R2020a\bin\win64\libmwmfl_permute.dll
0x00007fff987d0000 - 0x00007fff987e3000 	C:\Program Files\MATLAB\R2020a\bin\win64\libmwindexingapimethods.dll
0x00007fff7b360000 - 0x00007fff7b3a4000 	C:\Program Files\MATLAB\R2020a\bin\win64\tbbmalloc.dll
0x0000000061680000 - 0x000000006169a000 	C:\Program Files\MATLAB\R2020a\bin\win64\zlib1.dll
0x00007fffa71a0000 - 0x00007fffa71ae000 	C:\Program Files\MATLAB\R2020a\bin\win64\libmwmatlabdata_boost_serialization.dll
0x00007fff98130000 - 0x00007fff98157000 	C:\Program Files\MATLAB\R2020a\bin\win64\libmwthreadpool.dll
0x00007fff58d90000 - 0x00007fff58f26000 	C:\Program Files\MATLAB\R2020a\bin\win64\libmwmst.dll
0x00007fff958b0000 - 0x00007fff958cc000 	C:\Program Files\MATLAB\R2020a\bin\win64\libmwstartupplugin.dll
0x00007fff75cd0000 - 0x00007fff75dc3000 	C:\Program Files\MATLAB\R2020a\bin\win64\libmwstartup_plugin_initializer.dll
0x00007fff9d780000 - 0x00007fff9d78f000 	C:\Program Files\MATLAB\R2020a\bin\win64\libmvmtransportapi.dll
0x00007fff58c20000 - 0x00007fff58d88000 	C:\Program Files\MATLAB\R2020a\bin\win64\matlab_toolbox_events.dll
0x00007fff58980000 - 0x00007fff58c19000 	C:\Program Files\MATLAB\R2020a\bin\win64\execution_events.dll
0x00007fff9b780000 - 0x00007fff9b78e000 	C:\Program Files\MATLAB\R2020a\bin\win64\mwboost_chrono-vc141-mt-x64-1_70.dll
0x00007fff95800000 - 0x00007fff95813000 	C:\Program Files\MATLAB\R2020a\bin\win64\libmwsplashscreen.dll
0x00007fff58850000 - 0x00007fff58978000 	C:\Program Files\MATLAB\R2020a\bin\win64\m_dispatcher.dll
0x00007fff799b0000 - 0x00007fff79a9a000 	C:\Program Files\MATLAB\R2020a\bin\win64\m_parser.dll
0x00007fff586e0000 - 0x00007fff58846000 	C:\Program Files\MATLAB\R2020a\bin\win64\m_interpreter.dll
0x00007fff58540000 - 0x00007fff586dd000 	C:\Program Files\MATLAB\R2020a\bin\win64\iqm.dll
0x00007fff953d0000 - 0x00007fff953e2000 	C:\Program Files\MATLAB\R2020a\bin\win64\nativejava_services.dll
0x00007fff79d10000 - 0x00007fff79d96000 	C:\Program Files\MATLAB\R2020a\bin\win64\mcos.dll
0x00007fff7ad80000 - 0x00007fff7adb3000 	C:\Program Files\MATLAB\R2020a\bin\win64\addons_javapath.dll
0x00007fffaf490000 - 0x00007fffaf4ab000 	C:\windows\SYSTEM32\MPR.dll
0x00007fff79170000 - 0x00007fff791f8000 	C:\Program Files\MATLAB\R2020a\bin\win64\libexpat.dll

dbghelp: loaded successfully - version: 4.0.5 - missing functions: none
symbol engine: initialized successfully - sym options: 0x614 - pdb path: .;C:\Program Files\Java\jdk-12.0.2\bin;C:\windows\SYSTEM32;C:\windows\WinSxS\amd64_microsoft.windows.common-controls_6595b64144ccf1df_6.0.18362.1801_none_9e79a739e46243f0;C:\Program Files\Java\jdk-12.0.2\bin\server;C:\Program Files\JetBrains\IntelliJ IDEA Community Edition 2019.2.3\bin;C:\Program Files\MATLAB\R2020a\bin\win64;C:\Program Files\MATLAB\R2020a\bin\win64\cppmicroservices_compendium\foundation\cppmicroservices\declarativeservicesimpl;C:\Program Files\MATLAB\R2020a\bin\win64\cppmicroservices_compendium\foundation\cppmicroservices\logserviceimpl

VM Arguments:
jvm_args: -Dvisualvm.id=30704513321800 -javaagent:C:\Program Files\JetBrains\IntelliJ IDEA Community Edition 2019.2.3\lib\idea_rt.jar=63488:C:\Program Files\JetBrains\IntelliJ IDEA Community Edition 2019.2.3\bin -Dfile.encoding=UTF-8 
java_command: seakers.trussaos.ConstantRadiusMOEARun
java_class_path (initial): C:\SEAK Lab\SEAK Lab Github\KD3M3\Truss_AOS\target\classes;C:\Users\roshan94\.m2\repository\org\moeaframework\moeaframework\2.12\moeaframework-2.12.jar;C:\Users\roshan94\.m2\repository\commons-cli\commons-cli\1.2\commons-cli-1.2.jar;C:\Users\roshan94\.m2\repository\commons-codec\commons-codec\1.8\commons-codec-1.8.jar;C:\Users\roshan94\.m2\repository\org\apache\commons\commons-lang3\3.1\commons-lang3-3.1.jar;C:\Users\roshan94\.m2\repository\org\apache\commons\commons-math3\3.4.1\commons-math3-3.4.1.jar;C:\Users\roshan94\.m2\repository\org\jfree\jcommon\1.0.21\jcommon-1.0.21.jar;C:\Users\roshan94\.m2\repository\org\jfree\jfreechart\1.0.15\jfreechart-1.0.15.jar;C:\Users\roshan94\.m2\repository\xml-apis\xml-apis\1.3.04\xml-apis-1.3.04.jar;C:\Users\roshan94\.m2\repository\com\lowagie\itext\2.1.5\itext-2.1.5.jar;C:\Users\roshan94\.m2\repository\bouncycastle\bcmail-jdk14\138\bcmail-jdk14-138.jar;C:\Users\roshan94\.m2\repository\bouncycastle\bcprov-jdk14\138\bcprov-jdk14-138.jar;C:\Users\roshan94\.m2\repository\junit\junit\4.11\junit-4.11.jar;C:\Users\roshan94\.m2\repository\org\hamcrest\hamcrest-core\1.3\hamcrest-core-1.3.jar;C:\Users\roshan94\.m2\repository\com\fifesoft\rsyntaxtextarea\2.5.1\rsyntaxtextarea-2.5.1.jar;C:\Users\roshan94\.m2\repository\com\github\dpaukov\combinatoricslib3\3.2.0\combinatoricslib3-3.2.0.jar;C:\Users\roshan94\.m2\repository\net\sourceforge\jexcelapi\jxl\2.6.12\jxl-2.6.12.jar;C:\Users\roshan94\.m2\repository\log4j\log4j\1.2.14\log4j-1.2.14.jar;C:\Users\roshan94\.m2\repository\net\sourceforge\javaml\0.1.5\javaml-0.1.5.jar;C:\Users\roshan94\.m2\repository\seakers\mopAOS\1.0\mopAOS-1.0.jar;C:\Users\roshan94\.m2\repository\org\jblas\jblas\1.2.4\jblas-1.2.4.jar;C:\Users\roshan94\.m2\repository\seakers\system-architecture-problems\1.0\system-architecture-problems-1.0.jar;C:\Users\roshan94\.m2\repository\com\mathworks\engine\R2020a\engine-R2020a.jar
Launcher Type: SUN_STANDARD

[Global flags]
     intx CICompilerCount                          = 4                                         {product} {ergonomic}
     uint ConcGCThreads                            = 3                                         {product} {ergonomic}
     uint G1ConcRefinementThreads                  = 10                                        {product} {ergonomic}
   size_t G1HeapRegionSize                         = 1048576                                   {product} {ergonomic}
    uintx GCDrainStackTargetSize                   = 64                                        {product} {ergonomic}
   size_t InitialHeapSize                          = 264241152                                 {product} {ergonomic}
   size_t MarkStackSize                            = 4194304                                   {product} {ergonomic}
   size_t MaxHeapSize                              = 4202692608                                {product} {ergonomic}
   size_t MaxNewSize                               = 2520776704                                {product} {ergonomic}
   size_t MinHeapDeltaBytes                        = 1048576                                   {product} {ergonomic}
    uintx NonNMethodCodeHeapSize                   = 5836300                                {pd product} {ergonomic}
    uintx NonProfiledCodeHeapSize                  = 122910970                              {pd product} {ergonomic}
    uintx ProfiledCodeHeapSize                     = 122910970                              {pd product} {ergonomic}
    uintx ReservedCodeCacheSize                    = 251658240                              {pd product} {ergonomic}
     bool SegmentedCodeCache                       = true                                      {product} {ergonomic}
     bool UseCompressedClassPointers               = true                                 {lp64_product} {ergonomic}
     bool UseCompressedOops                        = true                                 {lp64_product} {ergonomic}
     bool UseG1GC                                  = true                                      {product} {ergonomic}
     bool UseLargePagesIndividualAllocation        = false                                  {pd product} {ergonomic}

Logging:
Log output configuration:
 #0: stdout all=warning uptime,level,tags
 #1: stderr all=off uptime,level,tags

Environment Variables:
JAVA_HOME=C:\Program Files\AdoptOpenJDK\jdk-8.0.252.09-hotspot
PATH=C:\Program Files\AdoptOpenJDK\jdk-8.0.252.09-hotspot\bin;C:\Program Files (x86)\NVIDIA Corporation\PhysX\Common;C:\SIMULIA\Commands;C:\Program Files\Microsoft MPI\Bin\;C:\windows\system32;C:\windows;C:\windows\System32\Wbem;C:\windows\System32\WindowsPowerShell\v1.0\;C:\windows\System32\OpenSSH\;C:\ProgramData\chocolatey\bin;C:\Program Files\NVIDIA Corporation\NVIDIA NGX;C:\Program Files\MiKTeX 2.9\miktex\bin\x64\;C:\Program Files\Java\jdk-12.0.2\bin;C:\Program Files\MATLAB\R2020a\runtime\win64;C:\Program Files\MATLAB\R2020a\bin;C:\Program Files\MATLAB\R2019a\runtime\win64;C:\Program Files\MATLAB\R2019a\bin;C:\Program Files\Microsoft SQL Server\Client SDK\ODBC\110\Tools\Binn\;C:\Program Files (x86)\Microsoft SQL Server\120\Tools\Binn\;C:\Program Files\Microsoft SQL Server\120\Tools\Binn\;C:\Program Files\Microsoft SQL Server\120\DTS\Binn\;C:\Program Files (x86)\Windows Kits\8.1\Windows Performance Toolkit\;C:\Program Files\PuTTY\;C:\Program Files (x86)\dotnet\;C:\Users\roshan94\AppData\Local\Microsoft\WindowsApps;C:\Gradle\gradle-5.6.2-bin\gradle-5.6.2\bin;C:\Apache Maven\apache-maven-3.6.2-bin\apache-maven-3.6.2\bin;C:\Users\roshan94\AppData\Local\Programs\Git\cmd;C:\Thrift\thrift-0.13.0\compiler;C:\MinGW\bin;C:\Program Files\Java\jdk-12.0.2\bin;C:\windows\System32;C:\Libtool\libtool-1.5.26-bin\bin;C:\Program Files\MATLAB\R2020a\bin\win64;C:\Users\roshan94\AppData\Local\GitHubDesktop\bin
USERNAME=roshan94
OS=Windows_NT
PROCESSOR_IDENTIFIER=Intel64 Family 6 Model 85 Stepping 4, GenuineIntel



---------------  S Y S T E M  ---------------

OS: Windows 10 , 64 bit Build 18362 (10.0.18362.1766)

CPU:total 12 (initial active 12) (6 cores per cpu, 2 threads per core) family 6 model 85 stepping 4, cmov, cx8, fxsr, mmx, sse, sse2, sse3, ssse3, sse4.1, sse4.2, popcnt, avx, avx2, aes, clmul, erms, rtm, 3dnowpref, lzcnt, ht, tsc, tscinvbit, bmi1, bmi2, adx, evex, fma

Memory: 4k page, system-wide physical 16031M (7817M free)
TotalPageFile size 30879M (AvailPageFile size 18286M)
current process WorkingSet (physical memory assigned to process): 76M, peak: 76M
current process commit charge ("private bytes"): 358M, peak: 358M

vm_info: Java HotSpot(TM) 64-Bit Server VM (12.0.2+10) for windows-amd64 JRE (12.0.2+10), built on Jul 16 2019 01:56:17 by "mach5one" with MS VC++ 15.5 (VS2017)

END.
