#
# A fatal error has been detected by the Java Runtime Environment:
#
#  EXCEPTION_ACCESS_VIOLATION (0xc0000005) at pc=0x000000005bd15ab8, pid=14592, tid=0x00000000000011a4
#
# JRE version: OpenJDK Runtime Environment (8.0_252-b09) (build 1.8.0_252-b09)
# Java VM: OpenJDK 64-Bit Server VM (25.252-b09 mixed mode windows-amd64 compressed oops)
# Problematic frame:
# V  [jvm.dll+0xe5ab8]
#
# Failed to write core dump. Minidumps are not enabled by default on client versions of Windows
#
# If you would like to submit a bug report, please visit:
#   http://bugreport.java.com/bugreport/crash.jsp
#

---------------  T H R E A D  ---------------

Current thread (0x000001cf3716b800):  GCTaskThread [stack: 0x000000898b400000,0x000000898b500000] [id=4516]

siginfo: ExceptionCode=0xc0000005, reading address 0xffffffffffffffff

Registers:
RAX=0x000001cf48b90000, RBX=0x0000000061766148, RCX=0x0000000000000000, RDX=0x0000000000000029
RSP=0x000000898b4ff860, RBP=0x00000007b9817bd8, RSI=0x0000000000000005, RDI=0x000001cf3717d9f0
R8 =0x007ffffffccdfb30, R9 =0x0000000000000005, R10=0x0000000000000018, R11=0x000000898b4ff890
R12=0x00000007c00033a8, R13=0x000000000000000c, R14=0x00000007b9817bc8, R15=0x00000007c00033a0
RIP=0x000000005bd15ab8, EFLAGS=0x0000000000010202

Top of Stack: (sp=0x000000898b4ff860)
0x000000898b4ff860:   00000007b9e50108 00000007b9817bd8
0x000000898b4ff870:   0000000000000005 000001cf3717d9f0
0x000000898b4ff880:   000000005c1feb68 000001cf3716bd60
0x000000898b4ff890:   000001cf37167f40 000001cf3716bd50
0x000000898b4ff8a0:   0000000000000000 000001cf549f8fa0
0x000000898b4ff8b0:   000001cf3717d9f0 000000005bfacbf7
0x000000898b4ff8c0:   000001cf52837778 0000000000000000
0x000000898b4ff8d0:   00000007b9817bb8 0000000000000000
0x000000898b4ff8e0:   0000000000000000 0000000000000000
0x000000898b4ff8f0:   000001cf549f8fa0 000000005bfaa5fe
0x000000898b4ff900:   000001cf00b010d3 000001cf3716b800
0x000000898b4ff910:   000001cf3716c900 00000007b9817bb8
0x000000898b4ff920:   000001cf3716b800 000001cf37167900
0x000000898b4ff930:   000001cf3716c140 000001cf3716c150
0x000000898b4ff940:   000001cf3716c228 00000000000000d8
0x000000898b4ff950:   000000898b4ff958 000001cf3716b800 

Instructions: (pc=0x000000005bd15ab8)
0x000000005bd15a98:   05 73 f5 69 00 49 c1 e8 03 49 d3 e8 41 0f b6 c0
0x000000005bd15aa8:   49 c1 e8 06 24 3f 0f b6 d0 48 8b 05 88 f5 69 00
0x000000005bd15ab8:   4a 8b 0c c0 48 0f a3 d1 0f 82 27 01 00 00 0f b6
0x000000005bd15ac8:   15 fc 55 69 00 84 d2 74 16 44 8b 43 08 8b 0d 3d 


Register to memory mapping:

RAX=0x000001cf48b90000 is an unknown value
RBX=0x0000000061766148 is an unknown value
RCX=0x0000000000000000 is an unknown value
RDX=0x0000000000000029 is an unknown value
RSP=0x000000898b4ff860 is an unknown value
RBP=0x00000007b9817bd8 is an oop
java.lang.Boolean 
 - klass: 'java/lang/Boolean'
RSI=0x0000000000000005 is an unknown value
RDI=0x000001cf3717d9f0 is an unknown value
R8 =0x007ffffffccdfb30 is an unknown value
R9 =0x0000000000000005 is an unknown value
R10=0x0000000000000018 is an unknown value
R11=0x000000898b4ff890 is an unknown value
R12=0x00000007c00033a8 is pointing into metadata
R13=0x000000000000000c is an unknown value
R14=0x00000007b9817bc8 is an unknown value
R15=0x00000007c00033a0 is pointing into metadata


Stack: [0x000000898b400000,0x000000898b500000],  sp=0x000000898b4ff860,  free space=1022k
Native frames: (J=compiled Java code, j=interpreted, Vv=VM code, C=native code)
V  [jvm.dll+0xe5ab8]
V  [jvm.dll+0x37cbf7]
V  [jvm.dll+0x37a5fe]
V  [jvm.dll+0x25014a]
C  [msvcr120.dll+0x24f7f]
C  [msvcr120.dll+0x25126]
C  [KERNEL32.DLL+0x17bd4]
C  [ntdll.dll+0x6ce51]


---------------  P R O C E S S  ---------------

Java Threads: ( => current thread )
  0x000001cf541df000 JavaThread "AWT-Windows" daemon [_thread_in_native, id=14644, stack(0x000000898d200000,0x000000898d300000)]
  0x000001cf541da800 JavaThread "Java2D Disposer" daemon [_thread_blocked, id=11176, stack(0x000000898d000000,0x000000898d100000)]
  0x000001cf541dc800 JavaThread "pool-1-thread-2" [_thread_blocked, id=16144, stack(0x000000898cf00000,0x000000898d000000)]
  0x000001cf541de000 JavaThread "pool-1-thread-1" [_thread_blocked, id=9280, stack(0x000000898ce00000,0x000000898cf00000)]
  0x000001cf541d9800 JavaThread "EventMgr Dispatcher" daemon [_thread_in_native, id=12516, stack(0x000000898cb00000,0x000000898cc00000)]
  0x000001cf541dc000 JavaThread "Service Thread" daemon [_thread_blocked, id=15728, stack(0x000000898c800000,0x000000898c900000)]
  0x000001cf541f5800 JavaThread "C1 CompilerThread3" daemon [_thread_blocked, id=14632, stack(0x000000898c700000,0x000000898c800000)]
  0x000001cf541eb000 JavaThread "C2 CompilerThread2" daemon [_thread_blocked, id=16364, stack(0x000000898c600000,0x000000898c700000)]
  0x000001cf541ea000 JavaThread "C2 CompilerThread1" daemon [_thread_blocked, id=2236, stack(0x000000898c500000,0x000000898c600000)]
  0x000001cf5418a800 JavaThread "C2 CompilerThread0" daemon [_thread_blocked, id=13164, stack(0x000000898c400000,0x000000898c500000)]
  0x000001cf541db000 JavaThread "Monitor Ctrl-Break" daemon [_thread_in_native, id=15112, stack(0x000000898c300000,0x000000898c400000)]
  0x000001cf51bd5800 JavaThread "Attach Listener" daemon [_thread_blocked, id=10568, stack(0x000000898c200000,0x000000898c300000)]
  0x000001cf51bd4800 JavaThread "Signal Dispatcher" daemon [_thread_blocked, id=12336, stack(0x000000898c100000,0x000000898c200000)]
  0x000001cf51baa000 JavaThread "Finalizer" daemon [_thread_blocked, id=12012, stack(0x000000898c000000,0x000000898c100000)]
  0x000001cf51ba1800 JavaThread "Reference Handler" daemon [_thread_blocked, id=10948, stack(0x000000898bf00000,0x000000898c000000)]
  0x000001cf37157000 JavaThread "main" [_thread_blocked, id=3304, stack(0x000000898b300000,0x000000898b400000)]

Other Threads:
  0x000001cf51b78800 VMThread [stack: 0x000000898be00000,0x000000898bf00000] [id=15724]
  0x000001cf54249800 WatcherThread [stack: 0x000000898c900000,0x000000898ca00000] [id=10080]

=>0x000001cf3716b800 (exited) GCTaskThread [stack: 0x000000898b400000,0x000000898b500000] [id=4516]

VM state:at safepoint (normal execution)

VM Mutex/Monitor currently owned by a thread:  ([mutex/lock_event])
[0x000001cf371547f0] Threads_lock - owner thread: 0x000001cf51b78800
[0x000001cf37156200] Heap_lock - owner thread: 0x000001cf37157000

OutOfMemory and StackOverflow Exception counts:
OutOfMemoryError java_heap_errors=1

heap address: 0x00000006c5800000, size: 4008 MB, Compressed Oops mode: Zero based, Oop shift amount: 3
Narrow klass base: 0x0000000000000000, Narrow klass shift: 3
Compressed class space size: 1073741824 Address: 0x00000007c0000000

Heap:
 PSYoungGen      total 1307136K, used 1273856K [0x000000076c800000, 0x00000007c0000000, 0x00000007c0000000)
  eden space 1273856K, 100% used [0x000000076c800000,0x00000007ba400000,0x00000007ba400000)
  from space 33280K, 0% used [0x00000007ba400000,0x00000007ba400000,0x00000007bc480000)
  to   space 47616K, 0% used [0x00000007bd180000,0x00000007bd180000,0x00000007c0000000)
 ParOldGen       total 2736128K, used 2735771K [0x00000006c5800000, 0x000000076c800000, 0x000000076c800000)
  object space 2736128K, 99% used [0x00000006c5800000,0x000000076c7a6e40,0x000000076c800000)
 Metaspace       used 8722K, capacity 8916K, committed 9216K, reserved 1056768K
  class space    used 900K, capacity 972K, committed 1024K, reserved 1048576K

Card table byte_map: [0x000001cf47e70000,0x000001cf48650000] byte_map_base: 0x000001cf44844000

Marking Bits: (ParMarkBitMap*) 0x000000005c3b5010
 Begin Bits: [0x000001cf48b90000, 0x000001cf4ca30000)
 End Bits:   [0x000001cf4ca30000, 0x000001cf508d0000)

Polling page: 0x000001cf37100000

CodeCache: size=245760Kb used=4982Kb max_used=5183Kb free=240777Kb
 bounds [0x000001cf38ab0000, 0x000001cf38fe0000, 0x000001cf47ab0000]
 total_blobs=1646 nmethods=1260 adapters=300
 compilation: enabled

Compilation events (10 events):
Event: 33428.375 Thread 0x000001cf541eb000 1697       4       sun.reflect.ClassFileAssembler::emitConstantPoolUTF8 (50 bytes)
Event: 33432.515 Thread 0x000001cf5418a800 nmethod 1695 0x000001cf38eb7210 code [0x000001cf38eb7360, 0x000001cf38eb7578]
Event: 33434.577 Thread 0x000001cf541ea000 nmethod 1696 0x000001cf38cc41d0 code [0x000001cf38cc4320, 0x000001cf38cc4878]
Event: 33443.047 Thread 0x000001cf541f5800 1698       3       java.lang.Exception::<init> (6 bytes)
Event: 33443.048 Thread 0x000001cf541f5800 nmethod 1698 0x000001cf38eeed90 code [0x000001cf38eeef20, 0x000001cf38eef530]
Event: 33443.048 Thread 0x000001cf541f5800 1699       3       java.lang.Class::privateGetDeclaredMethods (67 bytes)
Event: 33445.124 Thread 0x000001cf541f5800 nmethod 1699 0x000001cf38d19890 code [0x000001cf38d19a80, 0x000001cf38d1a3d0]
Event: 33447.201 Thread 0x000001cf541eb000 nmethod 1697 0x000001cf38ed0490 code [0x000001cf38ed0660, 0x000001cf38ed1110]
Event: 33526.140 Thread 0x000001cf541f5800 1700   !   3       sun.reflect.GeneratedSerializationConstructorAccessor29::newInstance (49 bytes)
Event: 33530.327 Thread 0x000001cf541f5800 nmethod 1700 0x000001cf38e1d810 code [0x000001cf38e1d9c0, 0x000001cf38e1ddf0]

GC Heap History (10 events):
Event: 33698.924 GC heap after
Heap after GC invocations=38945 (full 16644):
 PSYoungGen      total 1307136K, used 1261691K [0x000000076c800000, 0x00000007c0000000, 0x00000007c0000000)
  eden space 1273856K, 99% used [0x000000076c800000,0x00000007b981ee40,0x00000007ba400000)
  from space 33280K, 0% used [0x00000007ba400000,0x00000007ba400000,0x00000007bc480000)
  to   space 47616K, 0% used [0x00000007bd180000,0x00000007bd180000,0x00000007c0000000)
 ParOldGen       total 2736128K, used 2735773K [0x00000006c5800000, 0x000000076c800000, 0x000000076c800000)
  object space 2736128K, 99% used [0x00000006c5800000,0x000000076c7a7458,0x000000076c800000)
 Metaspace       used 8733K, capacity 8934K, committed 9216K, reserved 1056768K
  class space    used 902K, capacity 975K, committed 1024K, reserved 1048576K
}
Event: 33698.925 GC heap before
{Heap before GC invocations=38946 (full 16645):
 PSYoungGen      total 1307136K, used 1273856K [0x000000076c800000, 0x00000007c0000000, 0x00000007c0000000)
  eden space 1273856K, 100% used [0x000000076c800000,0x00000007ba400000,0x00000007ba400000)
  from space 33280K, 0% used [0x00000007ba400000,0x00000007ba400000,0x00000007bc480000)
  to   space 47616K, 0% used [0x00000007bd180000,0x00000007bd180000,0x00000007c0000000)
 ParOldGen       total 2736128K, used 2735773K [0x00000006c5800000, 0x000000076c800000, 0x000000076c800000)
  object space 2736128K, 99% used [0x00000006c5800000,0x000000076c7a7458,0x000000076c800000)
 Metaspace       used 8733K, capacity 8934K, committed 9216K, reserved 1056768K
  class space    used 902K, capacity 975K, committed 1024K, reserved 1048576K
Event: 33701.000 GC heap after
Heap after GC invocations=38946 (full 16645):
 PSYoungGen      total 1307136K, used 1261711K [0x000000076c800000, 0x00000007c0000000, 0x00000007c0000000)
  eden space 1273856K, 99% used [0x000000076c800000,0x00000007b9823d78,0x00000007ba400000)
  from space 33280K, 0% used [0x00000007ba400000,0x00000007ba400000,0x00000007bc480000)
  to   space 47616K, 0% used [0x00000007bd180000,0x00000007bd180000,0x00000007c0000000)
 ParOldGen       total 2736128K, used 2735773K [0x00000006c5800000, 0x000000076c800000, 0x000000076c800000)
  object space 2736128K, 99% used [0x00000006c5800000,0x000000076c7a7458,0x000000076c800000)
 Metaspace       used 8722K, capacity 8916K, committed 9216K, reserved 1056768K
  class space    used 900K, capacity 972K, committed 1024K, reserved 1048576K
}
Event: 33701.005 GC heap before
{Heap before GC invocations=38947 (full 16646):
 PSYoungGen      total 1307136K, used 1273856K [0x000000076c800000, 0x00000007c0000000, 0x00000007c0000000)
  eden space 1273856K, 100% used [0x000000076c800000,0x00000007ba400000,0x00000007ba400000)
  from space 33280K, 0% used [0x00000007ba400000,0x00000007ba400000,0x00000007bc480000)
  to   space 47616K, 0% used [0x00000007bd180000,0x00000007bd180000,0x00000007c0000000)
 ParOldGen       total 2736128K, used 2735773K [0x00000006c5800000, 0x000000076c800000, 0x000000076c800000)
  object space 2736128K, 99% used [0x00000006c5800000,0x000000076c7a7458,0x000000076c800000)
 Metaspace       used 8722K, capacity 8916K, committed 9216K, reserved 1056768K
  class space    used 900K, capacity 972K, committed 1024K, reserved 1048576K
Event: 33706.659 GC heap after
Heap after GC invocations=38947 (full 16646):
 PSYoungGen      total 1307136K, used 1261662K [0x000000076c800000, 0x00000007c0000000, 0x00000007c0000000)
  eden space 1273856K, 99% used [0x000000076c800000,0x00000007b98179b8,0x00000007ba400000)
  from space 33280K, 0% used [0x00000007ba400000,0x00000007ba400000,0x00000007bc480000)
  to   space 47616K, 0% used [0x00000007bd180000,0x00000007bd180000,0x00000007c0000000)
 ParOldGen       total 2736128K, used 2735771K [0x00000006c5800000, 0x000000076c800000, 0x000000076c800000)
  object space 2736128K, 99% used [0x00000006c5800000,0x000000076c7a6e40,0x000000076c800000)
 Metaspace       used 8722K, capacity 8916K, committed 9216K, reserved 1056768K
  class space    used 900K, capacity 972K, committed 1024K, reserved 1048576K
}
Event: 33706.659 GC heap before
{Heap before GC invocations=38948 (full 16647):
 PSYoungGen      total 1307136K, used 1273856K [0x000000076c800000, 0x00000007c0000000, 0x00000007c0000000)
  eden space 1273856K, 100% used [0x000000076c800000,0x00000007ba400000,0x00000007ba400000)
  from space 33280K, 0% used [0x00000007ba400000,0x00000007ba400000,0x00000007bc480000)
  to   space 47616K, 0% used [0x00000007bd180000,0x00000007bd180000,0x00000007c0000000)
 ParOldGen       total 2736128K, used 2735771K [0x00000006c5800000, 0x000000076c800000, 0x000000076c800000)
  object space 2736128K, 99% used [0x00000006c5800000,0x000000076c7a6e40,0x000000076c800000)
 Metaspace       used 8722K, capacity 8916K, committed 9216K, reserved 1056768K
  class space    used 900K, capacity 972K, committed 1024K, reserved 1048576K
Event: 33708.720 GC heap after
Heap after GC invocations=38948 (full 16647):
 PSYoungGen      total 1307136K, used 1261662K [0x000000076c800000, 0x00000007c0000000, 0x00000007c0000000)
  eden space 1273856K, 99% used [0x000000076c800000,0x00000007b98179b8,0x00000007ba400000)
  from space 33280K, 0% used [0x00000007ba400000,0x00000007ba400000,0x00000007bc480000)
  to   space 47616K, 0% used [0x00000007bd180000,0x00000007bd180000,0x00000007c0000000)
 ParOldGen       total 2736128K, used 2735771K [0x00000006c5800000, 0x000000076c800000, 0x000000076c800000)
  object space 2736128K, 99% used [0x00000006c5800000,0x000000076c7a6e40,0x000000076c800000)
 Metaspace       used 8722K, capacity 8916K, committed 9216K, reserved 1056768K
  class space    used 900K, capacity 972K, committed 1024K, reserved 1048576K
}
Event: 33708.720 GC heap before
{Heap before GC invocations=38949 (full 16648):
 PSYoungGen      total 1307136K, used 1273856K [0x000000076c800000, 0x00000007c0000000, 0x00000007c0000000)
  eden space 1273856K, 100% used [0x000000076c800000,0x00000007ba400000,0x00000007ba400000)
  from space 33280K, 0% used [0x00000007ba400000,0x00000007ba400000,0x00000007bc480000)
  to   space 47616K, 0% used [0x00000007bd180000,0x00000007bd180000,0x00000007c0000000)
 ParOldGen       total 2736128K, used 2735771K [0x00000006c5800000, 0x000000076c800000, 0x000000076c800000)
  object space 2736128K, 99% used [0x00000006c5800000,0x000000076c7a6e40,0x000000076c800000)
 Metaspace       used 8722K, capacity 8916K, committed 9216K, reserved 1056768K
  class space    used 900K, capacity 972K, committed 1024K, reserved 1048576K
Event: 33710.782 GC heap after
Heap after GC invocations=38949 (full 16648):
 PSYoungGen      total 1307136K, used 1261662K [0x000000076c800000, 0x00000007c0000000, 0x00000007c0000000)
  eden space 1273856K, 99% used [0x000000076c800000,0x00000007b9817bb8,0x00000007ba400000)
  from space 33280K, 0% used [0x00000007ba400000,0x00000007ba400000,0x00000007bc480000)
  to   space 47616K, 0% used [0x00000007bd180000,0x00000007bd180000,0x00000007c0000000)
 ParOldGen       total 2736128K, used 2735771K [0x00000006c5800000, 0x000000076c800000, 0x000000076c800000)
  object space 2736128K, 99% used [0x00000006c5800000,0x000000076c7a6e40,0x000000076c800000)
 Metaspace       used 8722K, capacity 8916K, committed 9216K, reserved 1056768K
  class space    used 900K, capacity 972K, committed 1024K, reserved 1048576K
}
Event: 33710.783 GC heap before
{Heap before GC invocations=38950 (full 16649):
 PSYoungGen      total 1307136K, used 1273856K [0x000000076c800000, 0x00000007c0000000, 0x00000007c0000000)
  eden space 1273856K, 100% used [0x000000076c800000,0x00000007ba400000,0x00000007ba400000)
  from space 33280K, 0% used [0x00000007ba400000,0x00000007ba400000,0x00000007bc480000)
  to   space 47616K, 0% used [0x00000007bd180000,0x00000007bd180000,0x00000007c0000000)
 ParOldGen       total 2736128K, used 2735771K [0x00000006c5800000, 0x000000076c800000, 0x000000076c800000)
  object space 2736128K, 99% used [0x00000006c5800000,0x000000076c7a6e40,0x000000076c800000)
 Metaspace       used 8722K, capacity 8916K, committed 9216K, reserved 1056768K
  class space    used 900K, capacity 972K, committed 1024K, reserved 1048576K

Deoptimization events (10 events):
Event: 26977.416 Thread 0x000001cf541df000 Uncommon trap: reason=unstable_if action=reinterpret pc=0x000001cf38ee9294 method=java.security.AccessController.getContext()Ljava/security/AccessControlContext; @ 5
Event: 26977.416 Thread 0x000001cf541df000 Uncommon trap: reason=unstable_if action=reinterpret pc=0x000001cf38c81044 method=java.util.concurrent.locks.ReentrantLock$Sync.tryRelease(I)Z @ 28
Event: 26977.416 Thread 0x000001cf541de000 Uncommon trap: reason=unstable_if action=reinterpret pc=0x000001cf38bd5a9c method=java.util.concurrent.locks.ReentrantLock$NonfairSync.lock()V @ 6
Event: 26988.007 Thread 0x000001cf541df000 Uncommon trap: reason=class_check action=maybe_recompile pc=0x000001cf38e5bc70 method=java.util.Arrays.hashCode([Ljava/lang/Object;)I @ 43
Event: 26988.007 Thread 0x000001cf541df000 Uncommon trap: reason=class_check action=maybe_recompile pc=0x000001cf38e5bc70 method=java.util.Arrays.hashCode([Ljava/lang/Object;)I @ 43
Event: 26988.008 Thread 0x000001cf541dc800 Uncommon trap: reason=unstable_if action=reinterpret pc=0x000001cf38c7d740 method=sun.awt.AppContext.get(Ljava/lang/Object;)Ljava/lang/Object; @ 21
Event: 27009.972 Thread 0x000001cf575af000 Uncommon trap: reason=unstable_if action=reinterpret pc=0x000001cf38ecd8b0 method=sun.security.action.GetPropertyAction.run()Ljava/lang/String; @ 9
Event: 27103.410 Thread 0x000001cf541de000 Uncommon trap: reason=unstable_if action=reinterpret pc=0x000001cf38e66edc method=java.io.ObjectOutputStream$HandleTable.lookup(Ljava/lang/Object;)I @ 29
Event: 27103.411 Thread 0x000001cf541de000 Uncommon trap: reason=unstable_if action=reinterpret pc=0x000001cf38e940e4 method=java.io.ObjectOutputStream$HandleTable.lookup(Ljava/lang/Object;)I @ 29
Event: 27103.411 Thread 0x000001cf541de000 Uncommon trap: reason=unstable_if action=reinterpret pc=0x000001cf38e345c8 method=java.io.ObjectOutputStream$HandleTable.lookup(Ljava/lang/Object;)I @ 29

Classes redefined (0 events):
No events

Internal exceptions (10 events):
Event: 13849.760 Thread 0x000001cf541de000 Implicit null exception at 0x000001cf38dd6dfc to 0x000001cf38dd6e89
Event: 13879.432 Thread 0x000001cf541de000 Implicit null exception at 0x000001cf38f160ed to 0x000001cf38f195cd
Event: 13879.446 Thread 0x000001cf541de000 Implicit null exception at 0x000001cf38de86bb to 0x000001cf38de8dc9
Event: 13879.446 Thread 0x000001cf541de000 Implicit null exception at 0x000001cf38d2bd32 to 0x000001cf38d2c4f9
Event: 13880.158 Thread 0x000001cf541de000 Implicit null exception at 0x000001cf38dd9618 to 0x000001cf38dda4a5
Event: 24341.230 Thread 0x000001cf541dc800 Implicit null exception at 0x000001cf38e75532 to 0x000001cf38e761bd
Event: 26977.416 Thread 0x000001cf541df000 Implicit null exception at 0x000001cf38ee8a48 to 0x000001cf38ee926b
Event: 27007.909 Thread 0x000001cf575af000 Exception <a 'java/io/FileNotFoundException'> (0x00000007b8d24098) thrown at [J:\jenkins\tmp\workspace\build\src\hotspot\src\share\vm\prims\jni.cpp, line 710]
Event: 33701.000 Thread 0x000001cf546ea000 Exception <a 'java/lang/OutOfMemoryError'> (0x00000006c583b538) thrown at [J:\jenkins\tmp\workspace\build\src\hotspot\src\share\vm\gc_interface/collectedHeap.inline.hpp, line 170]
Event: 33710.782 Thread 0x000001cf541dc800 Exception <a 'java/lang/RuntimeException'> (0x00000007b9817bb8) thrown at [J:\jenkins\tmp\workspace\build\src\hotspot\src\share\vm\prims\jni.cpp, line 710]

Events (10 events):
Event: 33706.659 Thread 0x000001cf546ea000 Thread exited: 0x000001cf546ea000
Event: 33706.659 Thread 0x000001cf546eb800 Thread added: 0x000001cf546eb800
Event: 33706.659 Executing VM operation: ParallelGCFailedAllocation
Event: 33708.720 Executing VM operation: ParallelGCFailedAllocation done
Event: 33708.720 Executing VM operation: ParallelGCFailedAllocation
Event: 33710.782 Executing VM operation: ParallelGCFailedAllocation done
Event: 33710.782 Thread 0x000001cf546eb800 Thread exited: 0x000001cf546eb800
Event: 33710.782 Thread 0x000001cf546ea800 Thread added: 0x000001cf546ea800
Event: 33710.782 Thread 0x000001cf546ea800 Thread exited: 0x000001cf546ea800
Event: 33710.783 Executing VM operation: ParallelGCFailedAllocation


Dynamic libraries:
0x00007ff7fb720000 - 0x00007ff7fb75a000 	C:\Program Files\AdoptOpenJDK\jdk-8.0.252.09-hotspot\bin\java.exe
0x00007ffcf6ae0000 - 0x00007ffcf6cd0000 	C:\windows\SYSTEM32\ntdll.dll
0x00007ffcf4d30000 - 0x00007ffcf4de2000 	C:\windows\System32\KERNEL32.DLL
0x00007ffcf3d70000 - 0x00007ffcf4014000 	C:\windows\System32\KERNELBASE.dll
0x00007ffcf5e40000 - 0x00007ffcf5ee3000 	C:\windows\System32\ADVAPI32.dll
0x00007ffcf5bd0000 - 0x00007ffcf5c6e000 	C:\windows\System32\msvcrt.dll
0x00007ffcf68b0000 - 0x00007ffcf6947000 	C:\windows\System32\sechost.dll
0x00007ffcf5ef0000 - 0x00007ffcf6010000 	C:\windows\System32\RPCRT4.dll
0x00007ffcf4b90000 - 0x00007ffcf4d24000 	C:\windows\System32\USER32.dll
0x00007ffcf4040000 - 0x00007ffcf4061000 	C:\windows\System32\win32u.dll
0x00007ffcf5450000 - 0x00007ffcf5476000 	C:\windows\System32\GDI32.dll
0x00007ffcf4120000 - 0x00007ffcf42b5000 	C:\windows\System32\gdi32full.dll
0x00007ffcf3a70000 - 0x00007ffcf3b0e000 	C:\windows\System32\msvcp_win.dll
0x00007ffcf3c10000 - 0x00007ffcf3d0a000 	C:\windows\System32\ucrtbase.dll
0x00007ffcdd500000 - 0x00007ffcdd784000 	C:\windows\WinSxS\amd64_microsoft.windows.common-controls_6595b64144ccf1df_6.0.18362.900_none_e6beb9d913147d17\COMCTL32.dll
0x00007ffcf4df0000 - 0x00007ffcf5125000 	C:\windows\System32\combase.dll
0x00007ffcf3b40000 - 0x00007ffcf3bc0000 	C:\windows\System32\bcryptPrimitives.dll
0x00007ffcf5400000 - 0x00007ffcf542e000 	C:\windows\System32\IMM32.DLL
0x00007ffccb960000 - 0x00007ffccba4f000 	C:\Program Files\AdoptOpenJDK\jdk-8.0.252.09-hotspot\jre\bin\msvcr120.dll
0x00007ffccb8b0000 - 0x00007ffccb956000 	C:\Program Files\AdoptOpenJDK\jdk-8.0.252.09-hotspot\jre\bin\msvcp120.dll
0x000000005bc30000 - 0x000000005c42e000 	C:\Program Files\AdoptOpenJDK\jdk-8.0.252.09-hotspot\jre\bin\server\jvm.dll
0x00007ffcf60c0000 - 0x00007ffcf60c8000 	C:\windows\System32\PSAPI.DLL
0x00007ffce20c0000 - 0x00007ffce20c9000 	C:\windows\SYSTEM32\WSOCK32.dll
0x00007ffcec000000 - 0x00007ffcec024000 	C:\windows\SYSTEM32\WINMM.dll
0x00007ffceef90000 - 0x00007ffceef9a000 	C:\windows\SYSTEM32\VERSION.dll
0x00007ffcf5ce0000 - 0x00007ffcf5d4f000 	C:\windows\System32\WS2_32.dll
0x00007ffcebb60000 - 0x00007ffcebb8d000 	C:\windows\SYSTEM32\WINMMBASE.dll
0x00007ffcf3bc0000 - 0x00007ffcf3c0a000 	C:\windows\System32\cfgmgr32.dll
0x00007ffceb850000 - 0x00007ffceb85f000 	C:\Program Files\AdoptOpenJDK\jdk-8.0.252.09-hotspot\jre\bin\verify.dll
0x00007ffc938f0000 - 0x00007ffc93918000 	C:\Program Files\AdoptOpenJDK\jdk-8.0.252.09-hotspot\jre\bin\java.dll
0x00007ffc923d0000 - 0x00007ffc923fa000 	C:\Program Files\AdoptOpenJDK\jdk-8.0.252.09-hotspot\jre\bin\instrument.dll
0x00007ffcd3ef0000 - 0x00007ffcd3f06000 	C:\Program Files\AdoptOpenJDK\jdk-8.0.252.09-hotspot\jre\bin\zip.dll
0x00007ffcf54e0000 - 0x00007ffcf5bc6000 	C:\windows\System32\SHELL32.dll
0x00007ffcf5350000 - 0x00007ffcf53f9000 	C:\windows\System32\shcore.dll
0x00007ffcf42c0000 - 0x00007ffcf4a40000 	C:\windows\System32\windows.storage.dll
0x00007ffcf39d0000 - 0x00007ffcf39f3000 	C:\windows\System32\profapi.dll
0x00007ffcf3a00000 - 0x00007ffcf3a4a000 	C:\windows\System32\powrprof.dll
0x00007ffcf39a0000 - 0x00007ffcf39b0000 	C:\windows\System32\UMPDC.dll
0x00007ffcf5c80000 - 0x00007ffcf5cd2000 	C:\windows\System32\shlwapi.dll
0x00007ffcf39b0000 - 0x00007ffcf39c1000 	C:\windows\System32\kernel.appcore.dll
0x00007ffcf4020000 - 0x00007ffcf4037000 	C:\windows\System32\cryptsp.dll
0x00007ffcd3f10000 - 0x00007ffcd3f2a000 	C:\Program Files\JetBrains\IntelliJ IDEA Community Edition 2019.2.3\bin\breakgen64.dll
0x00007ffcd1290000 - 0x00007ffcd12aa000 	C:\Program Files\AdoptOpenJDK\jdk-8.0.252.09-hotspot\jre\bin\net.dll
0x00007ffcf3210000 - 0x00007ffcf3277000 	C:\windows\system32\mswsock.dll
0x00007ffcca240000 - 0x00007ffcca38a000 	C:\Program Files\MATLAB\R2020a\bin\win64\nativemvm.dll
0x00007ffccf290000 - 0x00007ffccf2d0000 	C:\Program Files\MATLAB\R2020a\bin\win64\libmwmsr.dll
0x00007ffcc9220000 - 0x00007ffcc92f7000 	C:\Program Files\MATLAB\R2020a\bin\win64\libut.dll
0x00007ffcf6750000 - 0x00007ffcf68a7000 	C:\windows\System32\ole32.dll
0x00007ffcf60d0000 - 0x00007ffcf6195000 	C:\windows\System32\OLEAUT32.dll
0x00007ffcc8f80000 - 0x00007ffcc9216000 	C:\Program Files\MATLAB\R2020a\bin\win64\libmwfl.dll
0x00007ffcbb520000 - 0x00007ffcbb6b0000 	C:\Program Files\MATLAB\R2020a\bin\win64\libmx.dll
0x00007ffcbb1c0000 - 0x00007ffcbb51d000 	C:\Program Files\MATLAB\R2020a\bin\win64\libmwms.dll
0x00007ffcf3b10000 - 0x00007ffcf3b36000 	C:\windows\System32\bcrypt.dll
0x00007ffca2270000 - 0x00007ffca2718000 	C:\Program Files\MATLAB\R2020a\bin\win64\libmwservices.dll
0x00007ffcb4d80000 - 0x00007ffcb4f87000 	C:\Program Files\MATLAB\R2020a\bin\win64\jmi.dll
0x00007ffccf1c0000 - 0x00007ffccf1fc000 	C:\Program Files\MATLAB\R2020a\bin\win64\libmwfoundation_usm.dll
0x00007ffcce7b0000 - 0x00007ffcce7c2000 	C:\Program Files\MATLAB\R2020a\bin\win64\libmwcapabilities.dll
0x00007ffca1e60000 - 0x00007ffca226f000 	C:\Program Files\MATLAB\R2020a\bin\win64\mvm.dll
0x00007ffca1c50000 - 0x00007ffca1e51000 	C:\Program Files\MATLAB\R2020a\bin\win64\libmwi18n.dll
0x00007ffcce790000 - 0x00007ffcce7a8000 	C:\Program Files\MATLAB\R2020a\bin\win64\libmwcpp11compat.dll
0x00007ffcc4d60000 - 0x00007ffcc4e4e000 	C:\Program Files\MATLAB\R2020a\bin\win64\libmwfoundation_matlabdata_standalone.dll
0x00007ffca1a90000 - 0x00007ffca1c48000 	C:\Program Files\MATLAB\R2020a\bin\win64\libmwfoundation_matlabdata.dll
0x00007ffcce600000 - 0x00007ffcce61d000 	C:\Program Files\MATLAB\R2020a\bin\win64\mwboost_thread-vc141-mt-x64-1_70.dll
0x00007ffcb4cc0000 - 0x00007ffcb4d71000 	C:\Program Files\MATLAB\R2020a\bin\win64\mwboost_log-vc141-mt-x64-1_70.dll
0x00007ffccd8b0000 - 0x00007ffccd8f4000 	C:\Program Files\MATLAB\R2020a\bin\win64\tbb.dll
0x00007ffcea070000 - 0x00007ffcea086000 	C:\windows\SYSTEM32\VCRUNTIME140.dll
0x00007ffcea090000 - 0x00007ffcea129000 	C:\windows\SYSTEM32\MSVCP140.dll
0x00007ffcce5e0000 - 0x00007ffcce600000 	C:\Program Files\MATLAB\R2020a\bin\win64\mwboost_filesystem-vc141-mt-x64-1_70.dll
0x00007ffcd4060000 - 0x00007ffcd406e000 	C:\Program Files\MATLAB\R2020a\bin\win64\libmwflstrings.dll
0x00007ffcddc90000 - 0x00007ffcdde84000 	C:\windows\SYSTEM32\dbghelp.dll
0x000000005d9f0000 - 0x000000005da01000 	C:\Program Files\MATLAB\R2020a\bin\win64\icuio64.dll
0x00007ffcd1630000 - 0x00007ffcd1639000 	C:\Program Files\MATLAB\R2020a\bin\win64\libmwresource_core.dll
0x00007ffccdfd0000 - 0x00007ffccdfe2000 	C:\Program Files\MATLAB\R2020a\bin\win64\mwboost_date_time-vc141-mt-x64-1_70.dll
0x00007ffccdcf0000 - 0x00007ffccdd30000 	C:\Program Files\MATLAB\R2020a\bin\win64\mwboost_serialization-vc141-mt-x64-1_70.dll
0x00007ffccb870000 - 0x00007ffccb8a7000 	C:\Program Files\MATLAB\R2020a\bin\win64\libmwmfl_permute.dll
0x00007ffccd890000 - 0x00007ffccd8a3000 	C:\Program Files\MATLAB\R2020a\bin\win64\libmwindexingapimethods.dll
0x00007ffcca1f0000 - 0x00007ffcca234000 	C:\Program Files\MATLAB\R2020a\bin\win64\tbbmalloc.dll
0x00007ffca1240000 - 0x00007ffca1a87000 	C:\Program Files\MATLAB\R2020a\bin\win64\mlutil.dll
0x000000005d850000 - 0x000000005d9e1000 	C:\Program Files\MATLAB\R2020a\bin\win64\icuuc64.dll
0x000000005d830000 - 0x000000005d84a000 	C:\Program Files\MATLAB\R2020a\bin\win64\zlib1.dll
0x00007ffcc8cd0000 - 0x00007ffcc8d22000 	C:\Program Files\MATLAB\R2020a\bin\win64\libmwsearch_path_utilities.dll
0x00007ffcc9a60000 - 0x00007ffcc9ac1000 	C:\Program Files\MATLAB\R2020a\bin\win64\libmwlivecode.dll
0x00007ffcc69d0000 - 0x00007ffcc6a49000 	C:\Program Files\MATLAB\R2020a\bin\win64\libmwcppmicroservices.dll
0x00007ffcf3d10000 - 0x00007ffcf3d6c000 	C:\windows\System32\WINTRUST.dll
0x00007ffcf3a50000 - 0x00007ffcf3a62000 	C:\windows\System32\MSASN1.dll
0x00007ffcf4a40000 - 0x00007ffcf4b89000 	C:\windows\System32\CRYPT32.dll
0x00007ffccf280000 - 0x00007ffccf28e000 	C:\Program Files\MATLAB\R2020a\bin\win64\libmwmatlabstoragesystem.dll
0x00007ffcbfd80000 - 0x00007ffcbfdef000 	C:\Program Files\MATLAB\R2020a\bin\win64\libmwcwf_interface.dll
0x00007ffccf1b0000 - 0x00007ffccf1bf000 	C:\Program Files\MATLAB\R2020a\bin\win64\libmwflstorageutility.dll
0x00007ffcbe6b0000 - 0x00007ffcbe6fb000 	C:\Program Files\MATLAB\R2020a\bin\win64\libmwrelease_info.dll
0x00007ffca1120000 - 0x00007ffca1233000 	C:\Program Files\MATLAB\R2020a\bin\win64\libmwflstorageprovider.dll
0x00007ffca0f80000 - 0x00007ffca111e000 	C:\Program Files\MATLAB\R2020a\bin\win64\libmwflstoragevfs.dll
0x00007ffcbb130000 - 0x00007ffcbb1bb000 	C:\Program Files\MATLAB\R2020a\bin\win64\opccore.dll
0x00007ffcc9760000 - 0x00007ffcc979b000 	C:\Program Files\MATLAB\R2020a\bin\win64\opczippackage.dll
0x00007ffcbfd40000 - 0x00007ffcbfd7f000 	C:\Program Files\MATLAB\R2020a\bin\win64\string_matrix.dll
0x00007ffccd870000 - 0x00007ffccd888000 	C:\Program Files\MATLAB\R2020a\bin\win64\mwboost_iostreams-vc141-mt-x64-1_70.dll
0x00007ffca0dc0000 - 0x00007ffca0f76000 	C:\Program Files\MATLAB\R2020a\bin\win64\opcmodel.dll
0x0000000180000000 - 0x0000000180121000 	C:\Program Files\MATLAB\R2020a\bin\win64\CppMicroServices3.dll
0x00007ffca0cc0000 - 0x00007ffca0db8000 	C:\Program Files\MATLAB\R2020a\bin\win64\mwboost_regex-vc141-mt-x64-1_70.dll
0x00007ffccb850000 - 0x00007ffccb863000 	C:\Program Files\MATLAB\R2020a\bin\win64\libmwsplashscreen.dll
0x00007ffca0660000 - 0x00007ffca0b8d000 	C:\Program Files\MATLAB\R2020a\bin\win64\settingscore.dll
0x00007ffca0b90000 - 0x00007ffca0cb8000 	C:\Program Files\MATLAB\R2020a\bin\win64\m_dispatcher.dll
0x000000005b9d0000 - 0x000000005bc2d000 	C:\Program Files\MATLAB\R2020a\bin\win64\icuin64.dll
0x00007ffcca730000 - 0x00007ffcca742000 	C:\Program Files\MATLAB\R2020a\bin\win64\nativejava_services.dll
0x00007ffca0570000 - 0x00007ffca065a000 	C:\Program Files\MATLAB\R2020a\bin\win64\m_parser.dll
0x00007ffca0400000 - 0x00007ffca0566000 	C:\Program Files\MATLAB\R2020a\bin\win64\m_interpreter.dll
0x00007ffcb4c30000 - 0x00007ffcb4cb6000 	C:\Program Files\MATLAB\R2020a\bin\win64\mcos.dll
0x00007ffcbe670000 - 0x00007ffcbe6a3000 	C:\Program Files\MATLAB\R2020a\bin\win64\addons_javapath.dll
0x00007ffca0260000 - 0x00007ffca03fd000 	C:\Program Files\MATLAB\R2020a\bin\win64\iqm.dll
0x00007ffcca1d0000 - 0x00007ffcca1ec000 	C:\Program Files\MATLAB\R2020a\bin\win64\libmwstartupplugin.dll
0x00007ffcc9a30000 - 0x00007ffcc9a57000 	C:\Program Files\MATLAB\R2020a\bin\win64\libmwthreadpool.dll
0x00007ffcce780000 - 0x00007ffcce78f000 	C:\Program Files\MATLAB\R2020a\bin\win64\libmvmtransportapi.dll
0x00007ffca0160000 - 0x00007ffca0253000 	C:\Program Files\MATLAB\R2020a\bin\win64\libmwstartup_plugin_initializer.dll
0x00007ffcc9d90000 - 0x00007ffcc9d9e000 	C:\Program Files\MATLAB\R2020a\bin\win64\mwboost_chrono-vc141-mt-x64-1_70.dll
0x00007ffc9fe50000 - 0x00007ffc9ffb8000 	C:\Program Files\MATLAB\R2020a\bin\win64\matlab_toolbox_events.dll
0x00007ffc9ffc0000 - 0x00007ffca0156000 	C:\Program Files\MATLAB\R2020a\bin\win64\libmwmst.dll
0x00007ffceb940000 - 0x00007ffceb95b000 	C:\windows\SYSTEM32\MPR.dll
0x00007ffcef150000 - 0x00007ffcef15c000 	C:\windows\SYSTEM32\Secur32.dll
0x00007ffc9fdc0000 - 0x00007ffc9fe48000 	C:\Program Files\MATLAB\R2020a\bin\win64\libexpat.dll
0x00007ffcc9d80000 - 0x00007ffcc9d8e000 	C:\Program Files\MATLAB\R2020a\bin\win64\libmwmatlabdata_boost_serialization.dll
0x00007ffcbe650000 - 0x00007ffcbe66a000 	C:\Program Files\MATLAB\R2020a\bin\win64\libmwsearch_path_interfaces.dll
0x00007ffc9f230000 - 0x00007ffc9f4c9000 	C:\Program Files\MATLAB\R2020a\bin\win64\execution_events.dll
0x00007ffc9fc70000 - 0x00007ffc9fd16000 	C:\Program Files\MATLAB\R2020a\bin\win64\libmwstoragefilefolderobserver.dll
0x00007ffc9fd20000 - 0x00007ffc9fdba000 	C:\Program Files\MATLAB\R2020a\bin\win64\opcmwservices.dll
0x00007ffc9efb0000 - 0x00007ffc9f221000 	C:\Program Files\MATLAB\R2020a\bin\win64\libmwflnetwork.dll
0x00007ffcbdae0000 - 0x00007ffcbdaf1000 	C:\Program Files\MATLAB\R2020a\bin\win64\libminizip.dll
0x00007ffcbdac0000 - 0x00007ffcbdade000 	C:\Program Files\MATLAB\R2020a\bin\win64\libmwflstorageevents.dll
0x00007ffcbdaa0000 - 0x00007ffcbdabb000 	C:\Program Files\MATLAB\R2020a\bin\win64\libmwflcryptoutils.dll

VM Arguments:
jvm_args: -Dvisualvm.id=59532761584100 -javaagent:C:\Program Files\JetBrains\IntelliJ IDEA Community Edition 2019.2.3\lib\idea_rt.jar=55985:C:\Program Files\JetBrains\IntelliJ IDEA Community Edition 2019.2.3\bin -Dfile.encoding=UTF-8 
java_command: seakers.trussaos.MOEARun
java_class_path (initial): C:\Program Files\AdoptOpenJDK\jdk-8.0.252.09-hotspot\jre\lib\charsets.jar;C:\Program Files\AdoptOpenJDK\jdk-8.0.252.09-hotspot\jre\lib\ext\access-bridge-64.jar;C:\Program Files\AdoptOpenJDK\jdk-8.0.252.09-hotspot\jre\lib\ext\cldrdata.jar;C:\Program Files\AdoptOpenJDK\jdk-8.0.252.09-hotspot\jre\lib\ext\dnsns.jar;C:\Program Files\AdoptOpenJDK\jdk-8.0.252.09-hotspot\jre\lib\ext\jaccess.jar;C:\Program Files\AdoptOpenJDK\jdk-8.0.252.09-hotspot\jre\lib\ext\localedata.jar;C:\Program Files\AdoptOpenJDK\jdk-8.0.252.09-hotspot\jre\lib\ext\nashorn.jar;C:\Program Files\AdoptOpenJDK\jdk-8.0.252.09-hotspot\jre\lib\ext\sunec.jar;C:\Program Files\AdoptOpenJDK\jdk-8.0.252.09-hotspot\jre\lib\ext\sunjce_provider.jar;C:\Program Files\AdoptOpenJDK\jdk-8.0.252.09-hotspot\jre\lib\ext\sunmscapi.jar;C:\Program Files\AdoptOpenJDK\jdk-8.0.252.09-hotspot\jre\lib\ext\sunpkcs11.jar;C:\Program Files\AdoptOpenJDK\jdk-8.0.252.09-hotspot\jre\lib\ext\zipfs.jar;C:\Program Files\AdoptOpenJDK\jdk-8.0.252.09-hotspot\jre\lib\jce.jar;C:\Program Files\AdoptOpenJDK\jdk-8.0.252.09-hotspot\jre\lib\jsse.jar;C:\Program Files\AdoptOpenJDK\jdk-8.0.252.09-hotspot\jre\lib\management-agent.jar;C:\Program Files\AdoptOpenJDK\jdk-8.0.252.09-hotspot\jre\lib\resources.jar;C:\Program Files\AdoptOpenJDK\jdk-8.0.252.09-hotspot\jre\lib\rt.jar;C:\SEAK Lab\SEAK Lab Github\KD3M3\Truss_AOS\target\classes;C:\Users\roshan94\.m2\repository\org\moeaframework\moeaframework\2.12\moeaframework-2.12.jar;C:\Users\roshan94\.m2\repository\commons-cli\commons-cli\1.2\commons-cli-1.2.jar;C:\Users\roshan94\.m2\repository\commons-codec\commons-codec\1.8\commons-codec-1.8.jar;C:\Users\roshan94\.m2\repository\org\apache\commons\commons-lang3\3.1\commons-lang3-3.1.jar;C:\Users\roshan94\.m2\repository\org\apache\commons\commons-math3\3.4.1\commons-math3-3.4.1.jar;C:\Users\roshan94\.m2\repository\org\jfree\jcommon\1.0.21\jcommon-1.0.21.jar;C:\Users\roshan94\.m2\repository\org\jfree\jfreechart\1.0.15\jfreechart-1.0.15.jar
Launcher Type: SUN_STANDARD

Environment Variables:
JAVA_HOME=C:\Program Files\AdoptOpenJDK\jdk-8.0.252.09-hotspot
PATH=C:\Program Files\AdoptOpenJDK\jdk-8.0.252.09-hotspot\bin;C:\Program Files (x86)\NVIDIA Corporation\PhysX\Common;C:\SIMULIA\Commands;C:\Program Files\Microsoft MPI\Bin\;C:\windows\system32;C:\windows;C:\windows\System32\Wbem;C:\windows\System32\WindowsPowerShell\v1.0\;C:\windows\System32\OpenSSH\;C:\ProgramData\chocolatey\bin;C:\Program Files\NVIDIA Corporation\NVIDIA NGX;C:\Program Files\MiKTeX 2.9\miktex\bin\x64\;C:\Program Files\Java\jdk-12.0.2\bin;C:\Program Files\MATLAB\R2020a\runtime\win64;C:\Program Files\MATLAB\R2020a\bin;C:\Program Files\MATLAB\R2019a\runtime\win64;C:\Program Files\MATLAB\R2019a\bin;C:\Program Files\Microsoft SQL Server\Client SDK\ODBC\110\Tools\Binn\;C:\Program Files (x86)\Microsoft SQL Server\120\Tools\Binn\;C:\Program Files\Microsoft SQL Server\120\Tools\Binn\;C:\Program Files\Microsoft SQL Server\120\DTS\Binn\;C:\Program Files (x86)\Windows Kits\8.1\Windows Performance Toolkit\;C:\Program Files\PuTTY\;C:\Users\roshan94\AppData\Local\Microsoft\WindowsApps;C:\Gradle\gradle-5.6.2-bin\gradle-5.6.2\bin;C:\Apache Maven\apache-maven-3.6.2-bin\apache-maven-3.6.2\bin;C:\Users\roshan94\AppData\Local\Programs\Git\cmd;C:\Thrift\thrift-0.13.0\compiler;C:\MinGW\bin;C:\Program Files\Java\jdk-12.0.2\bin;C:\windows\System32;C:\Libtool\libtool-1.5.26-bin\bin;C:\Program Files\MATLAB\R2020a\bin\win64;
USERNAME=roshan94
OS=Windows_NT
PROCESSOR_IDENTIFIER=Intel64 Family 6 Model 85 Stepping 4, GenuineIntel



---------------  S Y S T E M  ---------------

OS: Windows 10.0 , 64 bit Build 18362 (10.0.18362.900)

CPU:total 12 (initial active 12) (6 cores per cpu, 2 threads per core) family 6 model 85 stepping 4, cmov, cx8, fxsr, mmx, sse, sse2, sse3, ssse3, sse4.1, sse4.2, popcnt, avx, avx2, aes, clmul, erms, rtm, 3dnowpref, lzcnt, ht, tsc, tscinvbit, bmi1, bmi2, adx

Memory: 4k page, physical 16416572k(3989600k free), swap 18906940k(3543012k free)

vm_info: OpenJDK 64-Bit Server VM (25.252-b09) for windows-amd64 JRE (1.8.0_252-b09), built on Apr 22 2020 09:32:45 by "jenkins" with MS VC++ 12.0 (VS2013)

time: Sat Jul 18 00:07:37 2020
timezone: Central Daylight Time
elapsed time: 33710 seconds (0d 9h 21m 50s)

